2025-03-11 09:10:28:647 [TID    12212][INFO   ] ** DMVCFramework Server ** build 3.4.2-magnesium [dmvcframework]
2025-03-11 09:10:28:647 [TID    12212][INFO   ] Initializing default dotEnv instance [dmvcframework]
2025-03-11 09:10:28:647 [TID    12212][INFO   ] dotEnv: Path = H:\BookWorm\book-recommendation-backend\DB_APIs\Server\project\Win32\Debug [dmvcframework]
2025-03-11 09:10:28:647 [TID    12212][INFO   ] dotEnv: Active profile/s priority = [default,test,prod] (Priority: FileThenEnv) [dmvcframework]
2025-03-11 09:10:28:647 [TID    12212][INFO   ] dotEnv: Missed file H:\BookWorm\book-recommendation-backend\DB_APIs\Server\project\Win32\Debug\.env [dmvcframework]
2025-03-11 09:10:28:647 [TID    12212][INFO   ] dotEnv: Missed file H:\BookWorm\book-recommendation-backend\DB_APIs\Server\project\Win32\Debug\.env.test [dmvcframework]
2025-03-11 09:10:28:647 [TID    12212][INFO   ] dotEnv: Missed file H:\BookWorm\book-recommendation-backend\DB_APIs\Server\project\Win32\Debug\.env.prod [dmvcframework]
2025-03-11 09:10:28:661 [TID    12212][INFO   ] Listening on http://localhost:8080 [dmvcframework]
2025-03-11 09:10:28:661 [TID    12212][INFO   ] Application started. Press Ctrl+C to shut down. [dmvcframework]
2025-03-11 09:10:44:276 [TID    11936][INFO   ] Loading Config default values [dmvcframework]
2025-03-11 09:10:44:277 [TID    11936][INFO   ] Loading System Controllers [dmvcframework]
2025-03-11 09:10:44:308 [TID    11936][WARNING] GET:/ [127.0.0.1] -> {ROUTE NOT FOUND} - 404 [dmvcframework]
2025-03-11 09:11:07:060 [TID     5956][INFO   ] GET:/api/people [127.0.0.1] -> Controller.User.TUser.GetPeople - 200 [dmvcframework]
2025-03-11 09:11:20:188 [TID     5956][INFO   ] GET:/api/people/2 [127.0.0.1] -> Controller.User.TUser.GetPerson - 200 [dmvcframework]
2025-03-11 09:54:57:565 [TID    12060][INFO   ] ** DMVCFramework Server ** build 3.4.2-magnesium [dmvcframework]
2025-03-11 09:54:57:565 [TID    12060][INFO   ] Initializing default dotEnv instance [dmvcframework]
2025-03-11 09:54:57:565 [TID    12060][INFO   ] dotEnv: Path = H:\BookWorm\book-recommendation-backend\DB_APIs\Server\project\Win32\Debug [dmvcframework]
2025-03-11 09:54:57:565 [TID    12060][INFO   ] dotEnv: Active profile/s priority = [default,test,prod] (Priority: FileThenEnv) [dmvcframework]
2025-03-11 09:54:57:566 [TID    12060][INFO   ] dotEnv: Missed file H:\BookWorm\book-recommendation-backend\DB_APIs\Server\project\Win32\Debug\.env [dmvcframework]
2025-03-11 09:54:57:566 [TID    12060][INFO   ] dotEnv: Missed file H:\BookWorm\book-recommendation-backend\DB_APIs\Server\project\Win32\Debug\.env.test [dmvcframework]
2025-03-11 09:54:57:566 [TID    12060][INFO   ] dotEnv: Missed file H:\BookWorm\book-recommendation-backend\DB_APIs\Server\project\Win32\Debug\.env.prod [dmvcframework]
2025-03-11 09:54:57:577 [TID    12060][INFO   ] Listening on http://localhost:8080 [dmvcframework]
2025-03-11 09:54:57:577 [TID    12060][INFO   ] Application started. Press Ctrl+C to shut down. [dmvcframework]
2025-03-11 10:07:46:807 [TID    11460][INFO   ] ** DMVCFramework Server ** build 3.4.2-magnesium [dmvcframework]
2025-03-11 10:07:46:807 [TID    11460][INFO   ] Initializing default dotEnv instance [dmvcframework]
2025-03-11 10:07:46:807 [TID    11460][INFO   ] dotEnv: Path = H:\BookWorm\book-recommendation-backend\DB_APIs\Server\project\Win32\Debug [dmvcframework]
2025-03-11 10:07:46:807 [TID    11460][INFO   ] dotEnv: Active profile/s priority = [default,test,prod] (Priority: FileThenEnv) [dmvcframework]
2025-03-11 10:07:46:807 [TID    11460][INFO   ] dotEnv: Missed file H:\BookWorm\book-recommendation-backend\DB_APIs\Server\project\Win32\Debug\.env [dmvcframework]
2025-03-11 10:07:46:807 [TID    11460][INFO   ] dotEnv: Missed file H:\BookWorm\book-recommendation-backend\DB_APIs\Server\project\Win32\Debug\.env.test [dmvcframework]
2025-03-11 10:07:46:807 [TID    11460][INFO   ] dotEnv: Missed file H:\BookWorm\book-recommendation-backend\DB_APIs\Server\project\Win32\Debug\.env.prod [dmvcframework]
2025-03-11 10:07:46:819 [TID    11460][INFO   ] Listening on http://localhost:8080 [dmvcframework]
2025-03-11 10:07:46:820 [TID    11460][INFO   ] Application started. Press Ctrl+C to shut down. [dmvcframework]
2025-03-11 10:07:54:795 [TID    13912][INFO   ] Loading Config default values [dmvcframework]
2025-03-11 10:07:54:795 [TID    13912][INFO   ] Loading System Controllers [dmvcframework]
2025-03-11 10:07:54:829 [TID    13912][ERROR  ] [EAccessViolation] Access violation at address 0133F564 in module 'ProjBookWorm.exe'. Read of address 00000000 [PathInfo "GET /api/user"] (Custom message: "Cannot create controller") [dmvcframework]
2025-03-11 10:07:54:831 [TID    13912][ERROR  ] [EMVCException] Cannot create controller (see log for more info) [PathInfo "GET /api/user"] - 500 Internal Server Error (Custom message: "") [dmvcframework]
2025-03-11 10:09:50:048 [TID     1888][INFO   ] ** DMVCFramework Server ** build 3.4.2-magnesium [dmvcframework]
2025-03-11 10:09:50:050 [TID     1888][INFO   ] Initializing default dotEnv instance [dmvcframework]
2025-03-11 10:09:50:051 [TID     1888][INFO   ] dotEnv: Path = H:\BookWorm\book-recommendation-backend\DB_APIs\Server\project\Win32\Debug [dmvcframework]
2025-03-11 10:09:50:051 [TID     1888][INFO   ] dotEnv: Active profile/s priority = [default,test,prod] (Priority: FileThenEnv) [dmvcframework]
2025-03-11 10:09:50:052 [TID     1888][INFO   ] dotEnv: Missed file H:\BookWorm\book-recommendation-backend\DB_APIs\Server\project\Win32\Debug\.env [dmvcframework]
2025-03-11 10:09:50:052 [TID     1888][INFO   ] dotEnv: Missed file H:\BookWorm\book-recommendation-backend\DB_APIs\Server\project\Win32\Debug\.env.test [dmvcframework]
2025-03-11 10:09:50:052 [TID     1888][INFO   ] dotEnv: Missed file H:\BookWorm\book-recommendation-backend\DB_APIs\Server\project\Win32\Debug\.env.prod [dmvcframework]
2025-03-11 10:09:50:065 [TID     1888][INFO   ] Listening on http://localhost:8080 [dmvcframework]
2025-03-11 10:09:50:066 [TID     1888][INFO   ] Application started. Press Ctrl+C to shut down. [dmvcframework]
2025-03-11 10:09:55:224 [TID    10332][INFO   ] Loading Config default values [dmvcframework]
2025-03-11 10:09:55:225 [TID    10332][INFO   ] Loading System Controllers [dmvcframework]
2025-03-11 10:09:55:227 [TID    10332][ERROR  ] [EAccessViolation] Access violation at address 00B7F390 in module 'ProjBookWorm.exe'. Read of address 00000000 [PathInfo "GET /api/user"] (Custom message: "Cannot create controller") [dmvcframework]
2025-03-11 10:09:55:227 [TID    10332][ERROR  ] [EMVCException] Cannot create controller (see log for more info) [PathInfo "GET /api/user"] - 500 Internal Server Error (Custom message: "") [dmvcframework]
2025-03-11 10:12:03:247 [TID     5168][INFO   ] ** DMVCFramework Server ** build 3.4.2-magnesium [dmvcframework]
2025-03-11 10:12:03:247 [TID     5168][INFO   ] Initializing default dotEnv instance [dmvcframework]
2025-03-11 10:12:03:247 [TID     5168][INFO   ] dotEnv: Path = H:\BookWorm\book-recommendation-backend\DB_APIs\Server\project\Win32\Debug [dmvcframework]
2025-03-11 10:12:03:247 [TID     5168][INFO   ] dotEnv: Active profile/s priority = [default,test,prod] (Priority: FileThenEnv) [dmvcframework]
2025-03-11 10:12:03:248 [TID     5168][INFO   ] dotEnv: Missed file H:\BookWorm\book-recommendation-backend\DB_APIs\Server\project\Win32\Debug\.env [dmvcframework]
2025-03-11 10:12:03:253 [TID     5168][INFO   ] dotEnv: Missed file H:\BookWorm\book-recommendation-backend\DB_APIs\Server\project\Win32\Debug\.env.test [dmvcframework]
2025-03-11 10:12:03:254 [TID     5168][INFO   ] dotEnv: Missed file H:\BookWorm\book-recommendation-backend\DB_APIs\Server\project\Win32\Debug\.env.prod [dmvcframework]
2025-03-11 10:12:03:270 [TID     5168][INFO   ] Listening on http://localhost:8080 [dmvcframework]
2025-03-11 10:12:03:271 [TID     5168][INFO   ] Application started. Press Ctrl+C to shut down. [dmvcframework]
2025-03-11 10:12:05:137 [TID    14012][INFO   ] Loading Config default values [dmvcframework]
2025-03-11 10:12:05:138 [TID    14012][INFO   ] Loading System Controllers [dmvcframework]
2025-03-11 10:12:05:358 [TID    14012][ERROR  ] [EMVCActiveRecord] No fields nor PKs defined in class TUser. [HINT] Use MVCTableField in private fields [PathInfo "GET /api/user"] - 400 Bad Request (Custom message: "") [dmvcframework]
2025-03-11 10:12:05:359 [TID    14012][ERROR  ] [EEncodingError] Invalid encoding name [dmvcframework]
2025-03-11 10:15:39:473 [TID    13128][INFO   ] ** DMVCFramework Server ** build 3.4.2-magnesium [dmvcframework]
2025-03-11 10:15:39:473 [TID    13128][INFO   ] Initializing default dotEnv instance [dmvcframework]
2025-03-11 10:15:39:474 [TID    13128][INFO   ] dotEnv: Path = H:\BookWorm\book-recommendation-backend\DB_APIs\Server\project\Win32\Debug [dmvcframework]
2025-03-11 10:15:39:474 [TID    13128][INFO   ] dotEnv: Active profile/s priority = [default,test,prod] (Priority: FileThenEnv) [dmvcframework]
2025-03-11 10:15:39:474 [TID    13128][INFO   ] dotEnv: Missed file H:\BookWorm\book-recommendation-backend\DB_APIs\Server\project\Win32\Debug\.env [dmvcframework]
2025-03-11 10:15:39:474 [TID    13128][INFO   ] dotEnv: Missed file H:\BookWorm\book-recommendation-backend\DB_APIs\Server\project\Win32\Debug\.env.test [dmvcframework]
2025-03-11 10:15:39:475 [TID    13128][INFO   ] dotEnv: Missed file H:\BookWorm\book-recommendation-backend\DB_APIs\Server\project\Win32\Debug\.env.prod [dmvcframework]
2025-03-11 10:15:39:488 [TID    13128][INFO   ] Listening on http://localhost:8080 [dmvcframework]
2025-03-11 10:15:39:488 [TID    13128][INFO   ] Application started. Press Ctrl+C to shut down. [dmvcframework]
2025-03-11 10:15:55:777 [TID      816][INFO   ] Loading Config default values [dmvcframework]
2025-03-11 10:15:55:778 [TID      816][INFO   ] Loading System Controllers [dmvcframework]
2025-03-11 10:15:56:007 [TID      816][ERROR  ] [EMVCActiveRecord] No fields nor PKs defined in class TUser. [HINT] Use MVCTableField in private fields [PathInfo "GET /api/user"] - 400 Bad Request (Custom message: "") [dmvcframework]
2025-03-11 10:15:56:009 [TID      816][ERROR  ] [EEncodingError] Invalid encoding name [dmvcframework]
2025-03-11 10:18:37:586 [TID    14240][INFO   ] ** DMVCFramework Server ** build 3.4.2-magnesium [dmvcframework]
2025-03-11 10:18:37:586 [TID    14240][INFO   ] Initializing default dotEnv instance [dmvcframework]
2025-03-11 10:18:37:586 [TID    14240][INFO   ] dotEnv: Path = H:\BookWorm\book-recommendation-backend\DB_APIs\Server\project\Win32\Debug [dmvcframework]
2025-03-11 10:18:37:586 [TID    14240][INFO   ] dotEnv: Active profile/s priority = [default,test,prod] (Priority: FileThenEnv) [dmvcframework]
2025-03-11 10:18:37:586 [TID    14240][INFO   ] dotEnv: Missed file H:\BookWorm\book-recommendation-backend\DB_APIs\Server\project\Win32\Debug\.env [dmvcframework]
2025-03-11 10:18:37:586 [TID    14240][INFO   ] dotEnv: Missed file H:\BookWorm\book-recommendation-backend\DB_APIs\Server\project\Win32\Debug\.env.test [dmvcframework]
2025-03-11 10:18:37:586 [TID    14240][INFO   ] dotEnv: Missed file H:\BookWorm\book-recommendation-backend\DB_APIs\Server\project\Win32\Debug\.env.prod [dmvcframework]
2025-03-11 10:18:37:598 [TID    14240][INFO   ] Listening on http://localhost:8080 [dmvcframework]
2025-03-11 10:18:37:598 [TID    14240][INFO   ] Application started. Press Ctrl+C to shut down. [dmvcframework]
2025-03-11 10:18:40:872 [TID     4340][INFO   ] Loading Config default values [dmvcframework]
2025-03-11 10:18:40:890 [TID     4340][INFO   ] Loading System Controllers [dmvcframework]
2025-03-11 10:18:41:107 [TID     4340][ERROR  ] [EMVCActiveRecord] No fields nor PKs defined in class TUser. [HINT] Use MVCTableField in private fields [PathInfo "GET /api/user"] - 400 Bad Request (Custom message: "") [dmvcframework]
2025-03-11 10:18:41:108 [TID     4340][ERROR  ] [EEncodingError] Invalid encoding name [dmvcframework]
2025-03-11 10:20:47:277 [TID    11600][INFO   ] ** DMVCFramework Server ** build 3.4.2-magnesium [dmvcframework]
2025-03-11 10:20:47:278 [TID    11600][INFO   ] Initializing default dotEnv instance [dmvcframework]
2025-03-11 10:20:47:279 [TID    11600][INFO   ] dotEnv: Path = H:\BookWorm\book-recommendation-backend\DB_APIs\Server\project\Win32\Debug [dmvcframework]
2025-03-11 10:20:47:279 [TID    11600][INFO   ] dotEnv: Active profile/s priority = [default,test,prod] (Priority: FileThenEnv) [dmvcframework]
2025-03-11 10:20:47:280 [TID    11600][INFO   ] dotEnv: Missed file H:\BookWorm\book-recommendation-backend\DB_APIs\Server\project\Win32\Debug\.env [dmvcframework]
2025-03-11 10:20:47:280 [TID    11600][INFO   ] dotEnv: Missed file H:\BookWorm\book-recommendation-backend\DB_APIs\Server\project\Win32\Debug\.env.test [dmvcframework]
2025-03-11 10:20:47:280 [TID    11600][INFO   ] dotEnv: Missed file H:\BookWorm\book-recommendation-backend\DB_APIs\Server\project\Win32\Debug\.env.prod [dmvcframework]
2025-03-11 10:20:47:296 [TID    11600][INFO   ] Listening on http://localhost:8080 [dmvcframework]
2025-03-11 10:20:47:297 [TID    11600][INFO   ] Application started. Press Ctrl+C to shut down. [dmvcframework]
2025-03-11 10:20:49:122 [TID    13688][INFO   ] Loading Config default values [dmvcframework]
2025-03-11 10:20:49:122 [TID    13688][INFO   ] Loading System Controllers [dmvcframework]
2025-03-11 10:20:49:285 [TID    13688][ERROR  ] [EMVCActiveRecord] Invalid partitioning clause: User. [HINT] Partioning must be in the form: "[fieldname1=(integer|string)value1]" [PathInfo "GET /api/user"] - 400 Bad Request (Custom message: "") [dmvcframework]
2025-03-11 10:20:49:286 [TID    13688][ERROR  ] [EEncodingError] Invalid encoding name [dmvcframework]
2025-03-11 10:21:11:351 [TID    13856][INFO   ] ** DMVCFramework Server ** build 3.4.2-magnesium [dmvcframework]
2025-03-11 10:21:11:352 [TID    13856][INFO   ] Initializing default dotEnv instance [dmvcframework]
2025-03-11 10:21:11:352 [TID    13856][INFO   ] dotEnv: Path = H:\BookWorm\book-recommendation-backend\DB_APIs\Server\project\Win32\Debug [dmvcframework]
2025-03-11 10:21:11:352 [TID    13856][INFO   ] dotEnv: Active profile/s priority = [default,test,prod] (Priority: FileThenEnv) [dmvcframework]
2025-03-11 10:21:11:352 [TID    13856][INFO   ] dotEnv: Missed file H:\BookWorm\book-recommendation-backend\DB_APIs\Server\project\Win32\Debug\.env [dmvcframework]
2025-03-11 10:21:11:352 [TID    13856][INFO   ] dotEnv: Missed file H:\BookWorm\book-recommendation-backend\DB_APIs\Server\project\Win32\Debug\.env.test [dmvcframework]
2025-03-11 10:21:11:352 [TID    13856][INFO   ] dotEnv: Missed file H:\BookWorm\book-recommendation-backend\DB_APIs\Server\project\Win32\Debug\.env.prod [dmvcframework]
2025-03-11 10:21:11:366 [TID    13856][INFO   ] Listening on http://localhost:8080 [dmvcframework]
2025-03-11 10:21:11:366 [TID    13856][INFO   ] Application started. Press Ctrl+C to shut down. [dmvcframework]
2025-03-11 10:21:12:351 [TID     1452][INFO   ] Loading Config default values [dmvcframework]
2025-03-11 10:21:12:352 [TID     1452][INFO   ] Loading System Controllers [dmvcframework]
2025-03-11 10:21:12:537 [TID     1452][ERROR  ] [ERQLException] MSSQL Server doesn't support "FETCH NEXT 0" [PathInfo "GET /api/user"] - 500 Internal Server Error (Custom message: "Global Action Exception Handler") [dmvcframework]
2025-03-11 10:21:12:539 [TID     1452][ERROR  ] [EEncodingError] Invalid encoding name [dmvcframework]
2025-03-11 10:22:45:630 [TID    10300][INFO   ] ** DMVCFramework Server ** build 3.4.2-magnesium [dmvcframework]
2025-03-11 10:22:45:630 [TID    10300][INFO   ] Initializing default dotEnv instance [dmvcframework]
2025-03-11 10:22:45:630 [TID    10300][INFO   ] dotEnv: Path = H:\BookWorm\book-recommendation-backend\DB_APIs\Server\project\Win32\Debug [dmvcframework]
2025-03-11 10:22:45:630 [TID    10300][INFO   ] dotEnv: Active profile/s priority = [default,test,prod] (Priority: FileThenEnv) [dmvcframework]
2025-03-11 10:22:45:631 [TID    10300][INFO   ] dotEnv: Missed file H:\BookWorm\book-recommendation-backend\DB_APIs\Server\project\Win32\Debug\.env [dmvcframework]
2025-03-11 10:22:45:632 [TID    10300][INFO   ] dotEnv: Missed file H:\BookWorm\book-recommendation-backend\DB_APIs\Server\project\Win32\Debug\.env.test [dmvcframework]
2025-03-11 10:22:45:632 [TID    10300][INFO   ] dotEnv: Missed file H:\BookWorm\book-recommendation-backend\DB_APIs\Server\project\Win32\Debug\.env.prod [dmvcframework]
2025-03-11 10:22:45:645 [TID    10300][INFO   ] Listening on http://localhost:8080 [dmvcframework]
2025-03-11 10:22:45:645 [TID    10300][INFO   ] Application started. Press Ctrl+C to shut down. [dmvcframework]
2025-03-11 10:22:48:246 [TID     7932][INFO   ] Loading Config default values [dmvcframework]
2025-03-11 10:22:48:246 [TID     7932][INFO   ] Loading System Controllers [dmvcframework]
2025-03-11 10:22:48:584 [TID     7932][ERROR  ] [EEncodingError] Invalid encoding name [PathInfo "GET /api/user"] - 500 Internal Server Error (Custom message: "Global Action Exception Handler") [dmvcframework]
2025-03-11 10:22:48:585 [TID     7932][ERROR  ] [EEncodingError] Invalid encoding name [dmvcframework]
2025-03-11 10:23:32:580 [TID    11600][INFO   ] ** DMVCFramework Server ** build 3.4.2-magnesium [dmvcframework]
2025-03-11 10:23:32:580 [TID    11600][INFO   ] Initializing default dotEnv instance [dmvcframework]
2025-03-11 10:23:32:580 [TID    11600][INFO   ] dotEnv: Path = H:\BookWorm\book-recommendation-backend\DB_APIs\Server\project\Win32\Debug [dmvcframework]
2025-03-11 10:23:32:580 [TID    11600][INFO   ] dotEnv: Active profile/s priority = [default,test,prod] (Priority: FileThenEnv) [dmvcframework]
2025-03-11 10:23:32:581 [TID    11600][INFO   ] dotEnv: Missed file H:\BookWorm\book-recommendation-backend\DB_APIs\Server\project\Win32\Debug\.env [dmvcframework]
2025-03-11 10:23:32:581 [TID    11600][INFO   ] dotEnv: Missed file H:\BookWorm\book-recommendation-backend\DB_APIs\Server\project\Win32\Debug\.env.test [dmvcframework]
2025-03-11 10:23:32:581 [TID    11600][INFO   ] dotEnv: Missed file H:\BookWorm\book-recommendation-backend\DB_APIs\Server\project\Win32\Debug\.env.prod [dmvcframework]
2025-03-11 10:23:32:594 [TID    11600][INFO   ] Listening on http://localhost:8080 [dmvcframework]
2025-03-11 10:23:32:595 [TID    11600][INFO   ] Application started. Press Ctrl+C to shut down. [dmvcframework]
2025-03-11 10:23:33:557 [TID    11472][INFO   ] Loading Config default values [dmvcframework]
2025-03-11 10:23:33:557 [TID    11472][INFO   ] Loading System Controllers [dmvcframework]
2025-03-11 10:23:33:882 [TID    11472][ERROR  ] [EEncodingError] Invalid encoding name [PathInfo "GET /api/user"] - 500 Internal Server Error (Custom message: "Global Action Exception Handler") [dmvcframework]
2025-03-11 10:23:33:883 [TID    11472][ERROR  ] [EEncodingError] Invalid encoding name [dmvcframework]
2025-03-11 10:27:25:167 [TID     5064][INFO   ] ** DMVCFramework Server ** build 3.4.2-magnesium [dmvcframework]
2025-03-11 10:27:25:167 [TID     5064][INFO   ] Initializing default dotEnv instance [dmvcframework]
2025-03-11 10:27:25:168 [TID     5064][INFO   ] dotEnv: Path = H:\BookWorm\book-recommendation-backend\DB_APIs\Server\project\Win32\Debug [dmvcframework]
2025-03-11 10:27:25:168 [TID     5064][INFO   ] dotEnv: Active profile/s priority = [default,test,prod] (Priority: FileThenEnv) [dmvcframework]
2025-03-11 10:27:25:169 [TID     5064][INFO   ] dotEnv: Applied file H:\BookWorm\book-recommendation-backend\DB_APIs\Server\project\Win32\Debug\.env [dmvcframework]
2025-03-11 10:27:25:170 [TID     5064][INFO   ] dotEnv: Missed file H:\BookWorm\book-recommendation-backend\DB_APIs\Server\project\Win32\Debug\.env.test [dmvcframework]
2025-03-11 10:27:25:170 [TID     5064][INFO   ] dotEnv: Missed file H:\BookWorm\book-recommendation-backend\DB_APIs\Server\project\Win32\Debug\.env.prod [dmvcframework]
2025-03-11 10:27:25:182 [TID     5064][INFO   ] Listening on http://localhost:8080 [dmvcframework]
2025-03-11 10:27:25:182 [TID     5064][INFO   ] Application started. Press Ctrl+C to shut down. [dmvcframework]
2025-03-11 10:27:38:717 [TID    13712][INFO   ] Loading Config default values [dmvcframework]
2025-03-11 10:27:38:717 [TID    13712][INFO   ] Loading System Controllers [dmvcframework]
2025-03-11 10:27:38:931 [TID    13712][ERROR  ] [EEncodingError] Invalid encoding name [PathInfo "GET /api/user"] - 500 Internal Server Error (Custom message: "Global Action Exception Handler") [dmvcframework]
2025-03-11 10:27:38:932 [TID    13712][ERROR  ] [EEncodingError] Invalid encoding name [dmvcframework]
2025-03-11 10:28:12:466 [TID    10340][INFO   ] ** DMVCFramework Server ** build 3.4.2-magnesium [dmvcframework]
2025-03-11 10:28:12:466 [TID    10340][INFO   ] Initializing default dotEnv instance [dmvcframework]
2025-03-11 10:28:12:466 [TID    10340][INFO   ] dotEnv: Path = H:\BookWorm\book-recommendation-backend\DB_APIs\Server\project\Win32\Debug [dmvcframework]
2025-03-11 10:28:12:466 [TID    10340][INFO   ] dotEnv: Active profile/s priority = [default,test,prod] (Priority: FileThenEnv) [dmvcframework]
2025-03-11 10:28:12:487 [TID    10340][INFO   ] dotEnv: Applied file H:\BookWorm\book-recommendation-backend\DB_APIs\Server\project\Win32\Debug\.env [dmvcframework]
2025-03-11 10:28:12:487 [TID    10340][INFO   ] dotEnv: Missed file H:\BookWorm\book-recommendation-backend\DB_APIs\Server\project\Win32\Debug\.env.test [dmvcframework]
2025-03-11 10:28:12:487 [TID    10340][INFO   ] dotEnv: Missed file H:\BookWorm\book-recommendation-backend\DB_APIs\Server\project\Win32\Debug\.env.prod [dmvcframework]
2025-03-11 10:28:12:579 [TID    10340][INFO   ] Listening on http://localhost:8080 [dmvcframework]
2025-03-11 10:28:12:579 [TID    10340][INFO   ] Application started. Press Ctrl+C to shut down. [dmvcframework]
2025-03-11 10:28:16:465 [TID     2236][INFO   ] Loading Config default values [dmvcframework]
2025-03-11 10:28:16:465 [TID     2236][INFO   ] Loading System Controllers [dmvcframework]
2025-03-11 10:28:32:561 [TID    12784][INFO   ] ** DMVCFramework Server ** build 3.4.2-magnesium [dmvcframework]
2025-03-11 10:28:32:561 [TID    12784][INFO   ] Initializing default dotEnv instance [dmvcframework]
2025-03-11 10:28:32:561 [TID    12784][INFO   ] dotEnv: Path = H:\BookWorm\book-recommendation-backend\DB_APIs\Server\project\Win32\Debug [dmvcframework]
2025-03-11 10:28:32:561 [TID    12784][INFO   ] dotEnv: Active profile/s priority = [default,test,prod] (Priority: FileThenEnv) [dmvcframework]
2025-03-11 10:28:32:592 [TID    12784][INFO   ] dotEnv: Applied file H:\BookWorm\book-recommendation-backend\DB_APIs\Server\project\Win32\Debug\.env [dmvcframework]
2025-03-11 10:28:32:592 [TID    12784][INFO   ] dotEnv: Missed file H:\BookWorm\book-recommendation-backend\DB_APIs\Server\project\Win32\Debug\.env.test [dmvcframework]
2025-03-11 10:28:32:593 [TID    12784][INFO   ] dotEnv: Missed file H:\BookWorm\book-recommendation-backend\DB_APIs\Server\project\Win32\Debug\.env.prod [dmvcframework]
2025-03-11 10:28:32:683 [TID    12784][INFO   ] Listening on http://localhost:8080 [dmvcframework]
2025-03-11 10:28:32:683 [TID    12784][INFO   ] Application started. Press Ctrl+C to shut down. [dmvcframework]
2025-03-11 10:28:33:559 [TID    11592][INFO   ] Loading Config default values [dmvcframework]
2025-03-11 10:28:33:560 [TID    11592][INFO   ] Loading System Controllers [dmvcframework]
2025-03-11 10:32:47:188 [TID    14052][INFO   ] ** DMVCFramework Server ** build 3.4.2-magnesium [dmvcframework]
2025-03-11 10:32:47:188 [TID    14052][INFO   ] Initializing default dotEnv instance [dmvcframework]
2025-03-11 10:32:47:189 [TID    14052][INFO   ] dotEnv: Path = H:\BookWorm\book-recommendation-backend\DB_APIs\Server\project\Win32\Debug [dmvcframework]
2025-03-11 10:32:47:189 [TID    14052][INFO   ] dotEnv: Active profile/s priority = [default,test,prod] (Priority: FileThenEnv) [dmvcframework]
2025-03-11 10:32:47:190 [TID    14052][INFO   ] dotEnv: Applied file H:\BookWorm\book-recommendation-backend\DB_APIs\Server\project\Win32\Debug\.env [dmvcframework]
2025-03-11 10:32:47:190 [TID    14052][INFO   ] dotEnv: Missed file H:\BookWorm\book-recommendation-backend\DB_APIs\Server\project\Win32\Debug\.env.test [dmvcframework]
2025-03-11 10:32:47:190 [TID    14052][INFO   ] dotEnv: Missed file H:\BookWorm\book-recommendation-backend\DB_APIs\Server\project\Win32\Debug\.env.prod [dmvcframework]
2025-03-11 10:32:47:207 [TID    14052][INFO   ] Listening on http://localhost:8080 [dmvcframework]
2025-03-11 10:32:47:207 [TID    14052][INFO   ] Application started. Press Ctrl+C to shut down. [dmvcframework]
2025-03-11 10:32:50:251 [TID     9920][INFO   ] Loading Config default values [dmvcframework]
2025-03-11 10:32:50:251 [TID     9920][INFO   ] Loading System Controllers [dmvcframework]
2025-03-11 10:32:50:479 [TID     9920][ERROR  ] [EEncodingError] Invalid encoding name [PathInfo "GET /api/user"] - 500 Internal Server Error (Custom message: "Global Action Exception Handler") [dmvcframework]
2025-03-11 10:32:50:480 [TID     9920][ERROR  ] [EEncodingError] Invalid encoding name [dmvcframework]
2025-03-11 10:33:00:658 [TID    12428][INFO   ] ** DMVCFramework Server ** build 3.4.2-magnesium [dmvcframework]
2025-03-11 10:33:00:658 [TID    12428][INFO   ] Initializing default dotEnv instance [dmvcframework]
2025-03-11 10:33:00:670 [TID    12428][INFO   ] dotEnv: Path = H:\BookWorm\book-recommendation-backend\DB_APIs\Server\project\Win32\Debug [dmvcframework]
2025-03-11 10:33:00:670 [TID    12428][INFO   ] dotEnv: Active profile/s priority = [default,test,prod] (Priority: FileThenEnv) [dmvcframework]
2025-03-11 10:33:00:675 [TID    12428][INFO   ] dotEnv: Applied file H:\BookWorm\book-recommendation-backend\DB_APIs\Server\project\Win32\Debug\.env [dmvcframework]
2025-03-11 10:33:00:688 [TID    12428][INFO   ] dotEnv: Missed file H:\BookWorm\book-recommendation-backend\DB_APIs\Server\project\Win32\Debug\.env.test [dmvcframework]
2025-03-11 10:33:00:688 [TID    12428][INFO   ] dotEnv: Missed file H:\BookWorm\book-recommendation-backend\DB_APIs\Server\project\Win32\Debug\.env.prod [dmvcframework]
2025-03-11 10:33:00:776 [TID    12428][INFO   ] Listening on http://localhost:8080 [dmvcframework]
2025-03-11 10:33:00:778 [TID    12428][INFO   ] Application started. Press Ctrl+C to shut down. [dmvcframework]
2025-03-11 10:33:03:435 [TID      644][INFO   ] Loading Config default values [dmvcframework]
2025-03-11 10:33:03:435 [TID      644][INFO   ] Loading System Controllers [dmvcframework]
2025-03-11 10:34:00:146 [TID    10672][INFO   ] ** DMVCFramework Server ** build 3.4.2-magnesium [dmvcframework]
2025-03-11 10:34:00:149 [TID    10672][INFO   ] Initializing default dotEnv instance [dmvcframework]
2025-03-11 10:34:00:150 [TID    10672][INFO   ] dotEnv: Path = H:\BookWorm\book-recommendation-backend\DB_APIs\Server\project\Win32\Debug [dmvcframework]
2025-03-11 10:34:00:150 [TID    10672][INFO   ] dotEnv: Active profile/s priority = [default,test,prod] (Priority: FileThenEnv) [dmvcframework]
2025-03-11 10:34:00:151 [TID    10672][INFO   ] dotEnv: Applied file H:\BookWorm\book-recommendation-backend\DB_APIs\Server\project\Win32\Debug\.env [dmvcframework]
2025-03-11 10:34:00:151 [TID    10672][INFO   ] dotEnv: Missed file H:\BookWorm\book-recommendation-backend\DB_APIs\Server\project\Win32\Debug\.env.test [dmvcframework]
2025-03-11 10:34:00:151 [TID    10672][INFO   ] dotEnv: Missed file H:\BookWorm\book-recommendation-backend\DB_APIs\Server\project\Win32\Debug\.env.prod [dmvcframework]
2025-03-11 10:34:00:169 [TID    10672][INFO   ] Listening on http://localhost:8080 [dmvcframework]
2025-03-11 10:34:00:169 [TID    10672][INFO   ] Application started. Press Ctrl+C to shut down. [dmvcframework]
2025-03-11 10:34:03:192 [TID     2176][INFO   ] Loading Config default values [dmvcframework]
2025-03-11 10:34:03:192 [TID     2176][INFO   ] Loading System Controllers [dmvcframework]
2025-03-11 10:34:03:485 [TID     2176][ERROR  ] [EEncodingError] Invalid encoding name [PathInfo "GET /api/user"] - 500 Internal Server Error (Custom message: "Global Action Exception Handler") [dmvcframework]
2025-03-11 10:34:03:485 [TID     2176][ERROR  ] [EEncodingError] Invalid encoding name [dmvcframework]
2025-03-11 10:34:32:059 [TID     2232][INFO   ] ** DMVCFramework Server ** build 3.4.2-magnesium [dmvcframework]
2025-03-11 10:34:32:059 [TID     2232][INFO   ] Initializing default dotEnv instance [dmvcframework]
2025-03-11 10:34:32:059 [TID     2232][INFO   ] dotEnv: Path = H:\BookWorm\book-recommendation-backend\DB_APIs\Server\project\Win32\Debug [dmvcframework]
2025-03-11 10:34:32:059 [TID     2232][INFO   ] dotEnv: Active profile/s priority = [default,test,prod] (Priority: FileThenEnv) [dmvcframework]
2025-03-11 10:34:32:059 [TID     2232][INFO   ] dotEnv: Applied file H:\BookWorm\book-recommendation-backend\DB_APIs\Server\project\Win32\Debug\.env [dmvcframework]
2025-03-11 10:34:32:061 [TID     2232][INFO   ] dotEnv: Missed file H:\BookWorm\book-recommendation-backend\DB_APIs\Server\project\Win32\Debug\.env.test [dmvcframework]
2025-03-11 10:34:32:061 [TID     2232][INFO   ] dotEnv: Missed file H:\BookWorm\book-recommendation-backend\DB_APIs\Server\project\Win32\Debug\.env.prod [dmvcframework]
2025-03-11 10:34:32:075 [TID     2232][INFO   ] Listening on http://localhost:8080 [dmvcframework]
2025-03-11 10:34:32:078 [TID     2232][INFO   ] Application started. Press Ctrl+C to shut down. [dmvcframework]
2025-03-11 10:34:33:882 [TID     1900][INFO   ] Loading Config default values [dmvcframework]
2025-03-11 10:34:33:882 [TID     1900][INFO   ] Loading System Controllers [dmvcframework]
2025-03-11 10:34:34:200 [TID     1900][ERROR  ] [EEncodingError] Invalid encoding name [PathInfo "GET /api/user"] - 500 Internal Server Error (Custom message: "Global Action Exception Handler") [dmvcframework]
2025-03-11 10:34:34:201 [TID     1900][ERROR  ] [EEncodingError] Invalid encoding name [dmvcframework]
2025-03-11 10:37:36:122 [TID     3264][INFO   ] ** DMVCFramework Server ** build 3.4.2-magnesium [dmvcframework]
2025-03-11 10:37:36:127 [TID     3264][INFO   ] Initializing default dotEnv instance [dmvcframework]
2025-03-11 10:37:36:137 [TID     3264][INFO   ] dotEnv: Path = H:\BookWorm\book-recommendation-backend\DB_APIs\Server\project\Win32\Debug [dmvcframework]
2025-03-11 10:37:36:138 [TID     3264][INFO   ] dotEnv: Active profile/s priority = [default,test,prod] (Priority: FileThenEnv) [dmvcframework]
2025-03-11 10:37:36:144 [TID     3264][INFO   ] dotEnv: Applied file H:\BookWorm\book-recommendation-backend\DB_APIs\Server\project\Win32\Debug\.env [dmvcframework]
2025-03-11 10:37:36:144 [TID     3264][INFO   ] dotEnv: Missed file H:\BookWorm\book-recommendation-backend\DB_APIs\Server\project\Win32\Debug\.env.test [dmvcframework]
2025-03-11 10:37:36:145 [TID     3264][INFO   ] dotEnv: Missed file H:\BookWorm\book-recommendation-backend\DB_APIs\Server\project\Win32\Debug\.env.prod [dmvcframework]
2025-03-11 10:37:36:159 [TID     3264][INFO   ] Listening on http://localhost:8080 [dmvcframework]
2025-03-11 10:37:36:159 [TID     3264][INFO   ] Application started. Press Ctrl+C to shut down. [dmvcframework]
2025-03-11 10:37:39:573 [TID     1604][INFO   ] Loading Config default values [dmvcframework]
2025-03-11 10:37:39:574 [TID     1604][INFO   ] Loading System Controllers [dmvcframework]
2025-03-11 10:37:39:574 [TID     1604][ERROR  ] [EMVCConfigException] ConnectionDefName "firedac_con_def_name" not found in config file "H:\BookWorm\book-recommendation-backend\DB_APIs\Server\project\Win32\Debug\FDConnectionDefs.ini" - or config file not present [PathInfo "GET /api/user"] - 500 Internal Server Error (Custom message: "") [dmvcframework]
2025-03-11 10:37:54:925 [TID     6004][INFO   ] ** DMVCFramework Server ** build 3.4.2-magnesium [dmvcframework]
2025-03-11 10:37:54:926 [TID     6004][INFO   ] Initializing default dotEnv instance [dmvcframework]
2025-03-11 10:37:54:926 [TID     6004][INFO   ] dotEnv: Path = H:\BookWorm\book-recommendation-backend\DB_APIs\Server\project\Win32\Debug [dmvcframework]
2025-03-11 10:37:54:926 [TID     6004][INFO   ] dotEnv: Active profile/s priority = [default,test,prod] (Priority: FileThenEnv) [dmvcframework]
2025-03-11 10:37:54:926 [TID     6004][INFO   ] dotEnv: Applied file H:\BookWorm\book-recommendation-backend\DB_APIs\Server\project\Win32\Debug\.env [dmvcframework]
2025-03-11 10:37:54:927 [TID     6004][INFO   ] dotEnv: Missed file H:\BookWorm\book-recommendation-backend\DB_APIs\Server\project\Win32\Debug\.env.test [dmvcframework]
2025-03-11 10:37:54:927 [TID     6004][INFO   ] dotEnv: Missed file H:\BookWorm\book-recommendation-backend\DB_APIs\Server\project\Win32\Debug\.env.prod [dmvcframework]
2025-03-11 10:37:54:942 [TID     6004][INFO   ] Listening on http://localhost:8080 [dmvcframework]
2025-03-11 10:37:54:942 [TID     6004][INFO   ] Application started. Press Ctrl+C to shut down. [dmvcframework]
2025-03-11 10:37:57:205 [TID    14160][INFO   ] Loading Config default values [dmvcframework]
2025-03-11 10:37:57:205 [TID    14160][INFO   ] Loading System Controllers [dmvcframework]
2025-03-11 10:37:57:523 [TID    14160][ERROR  ] [EEncodingError] Invalid encoding name [PathInfo "GET /api/user"] - 500 Internal Server Error (Custom message: "Global Action Exception Handler") [dmvcframework]
2025-03-11 10:37:57:524 [TID    14160][ERROR  ] [EEncodingError] Invalid encoding name [dmvcframework]
2025-03-11 11:01:45:823 [TID    14160][ERROR  ] [EMVCActiveRecord] Cannot add another connection with the same name for the same thread. Duplicated connection name is "default" [PathInfo "GET /api/user"] (Custom message: "Cannot create controller") [dmvcframework]
2025-03-11 11:01:45:824 [TID    14160][ERROR  ] [EMVCException] Cannot create controller (see log for more info) [PathInfo "GET /api/user"] - 500 Internal Server Error (Custom message: "") [dmvcframework]
2025-03-11 11:02:01:076 [TID     1496][INFO   ] ** DMVCFramework Server ** build 3.4.2-magnesium [dmvcframework]
2025-03-11 11:02:01:079 [TID     1496][INFO   ] Initializing default dotEnv instance [dmvcframework]
2025-03-11 11:02:01:080 [TID     1496][INFO   ] dotEnv: Path = H:\BookWorm\book-recommendation-backend\DB_APIs\Server\project\Win32\Debug [dmvcframework]
2025-03-11 11:02:01:080 [TID     1496][INFO   ] dotEnv: Active profile/s priority = [default,test,prod] (Priority: FileThenEnv) [dmvcframework]
2025-03-11 11:02:01:080 [TID     1496][INFO   ] dotEnv: Applied file H:\BookWorm\book-recommendation-backend\DB_APIs\Server\project\Win32\Debug\.env [dmvcframework]
2025-03-11 11:02:01:081 [TID     1496][INFO   ] dotEnv: Missed file H:\BookWorm\book-recommendation-backend\DB_APIs\Server\project\Win32\Debug\.env.test [dmvcframework]
2025-03-11 11:02:01:082 [TID     1496][INFO   ] dotEnv: Missed file H:\BookWorm\book-recommendation-backend\DB_APIs\Server\project\Win32\Debug\.env.prod [dmvcframework]
2025-03-11 11:02:01:093 [TID     1496][INFO   ] Listening on http://localhost:8080 [dmvcframework]
2025-03-11 11:02:01:093 [TID     1496][INFO   ] Application started. Press Ctrl+C to shut down. [dmvcframework]
2025-03-11 11:02:02:716 [TID     2476][INFO   ] Loading Config default values [dmvcframework]
2025-03-11 11:02:02:716 [TID     2476][INFO   ] Loading System Controllers [dmvcframework]
2025-03-11 11:02:03:006 [TID     2476][ERROR  ] [EEncodingError] Invalid encoding name [PathInfo "GET /api/user"] - 500 Internal Server Error (Custom message: "Global Action Exception Handler") [dmvcframework]
2025-03-11 11:02:03:007 [TID     2476][ERROR  ] [EEncodingError] Invalid encoding name [dmvcframework]
2025-03-11 11:02:08:186 [TID     2476][ERROR  ] [EMVCActiveRecord] Cannot add another connection with the same name for the same thread. Duplicated connection name is "default" [PathInfo "GET /api/user"] (Custom message: "Cannot create controller") [dmvcframework]
2025-03-11 11:02:08:186 [TID     2476][ERROR  ] [EMVCException] Cannot create controller (see log for more info) [PathInfo "GET /api/user"] - 500 Internal Server Error (Custom message: "") [dmvcframework]
2025-03-11 11:02:17:738 [TID     7932][INFO   ] ** DMVCFramework Server ** build 3.4.2-magnesium [dmvcframework]
2025-03-11 11:02:17:739 [TID     7932][INFO   ] Initializing default dotEnv instance [dmvcframework]
2025-03-11 11:02:17:739 [TID     7932][INFO   ] dotEnv: Path = H:\BookWorm\book-recommendation-backend\DB_APIs\Server\project\Win32\Debug [dmvcframework]
2025-03-11 11:02:17:739 [TID     7932][INFO   ] dotEnv: Active profile/s priority = [default,test,prod] (Priority: FileThenEnv) [dmvcframework]
2025-03-11 11:02:17:739 [TID     7932][INFO   ] dotEnv: Applied file H:\BookWorm\book-recommendation-backend\DB_APIs\Server\project\Win32\Debug\.env [dmvcframework]
2025-03-11 11:02:17:739 [TID     7932][INFO   ] dotEnv: Missed file H:\BookWorm\book-recommendation-backend\DB_APIs\Server\project\Win32\Debug\.env.test [dmvcframework]
2025-03-11 11:02:17:739 [TID     7932][INFO   ] dotEnv: Missed file H:\BookWorm\book-recommendation-backend\DB_APIs\Server\project\Win32\Debug\.env.prod [dmvcframework]
2025-03-11 11:02:17:750 [TID     7932][INFO   ] Listening on http://localhost:8080 [dmvcframework]
2025-03-11 11:02:17:750 [TID     7932][INFO   ] Application started. Press Ctrl+C to shut down. [dmvcframework]
2025-03-11 11:02:19:322 [TID     2372][INFO   ] Loading Config default values [dmvcframework]
2025-03-11 11:02:19:322 [TID     2372][INFO   ] Loading System Controllers [dmvcframework]
2025-03-11 11:02:19:415 [TID     2372][ERROR  ] [EEncodingError] Invalid encoding name [PathInfo "GET /api/user"] - 500 Internal Server Error (Custom message: "Global Action Exception Handler") [dmvcframework]
2025-03-11 11:02:19:416 [TID     2372][ERROR  ] [EEncodingError] Invalid encoding name [dmvcframework]
2025-03-11 11:04:01:999 [TID    12660][ERROR  ] [EEncodingError] Invalid encoding name [PathInfo "GET /api/user"] - 500 Internal Server Error (Custom message: "Global Action Exception Handler") [dmvcframework]
2025-03-11 11:04:02:001 [TID    12660][ERROR  ] [EEncodingError] Invalid encoding name [dmvcframework]
2025-03-11 11:04:02:323 [TID    11608][WARNING] GET:/favicon.ico [127.0.0.1] -> {ROUTE NOT FOUND} - 404 [dmvcframework]
2025-03-11 11:07:34:852 [TID     2372][ERROR  ] [EMVCActiveRecord] Cannot add another connection with the same name for the same thread. Duplicated connection name is "default" [PathInfo "GET /api/user"] (Custom message: "Cannot create controller") [dmvcframework]
2025-03-11 11:07:34:852 [TID     2372][ERROR  ] [EMVCException] Cannot create controller (see log for more info) [PathInfo "GET /api/user"] - 500 Internal Server Error (Custom message: "") [dmvcframework]
2025-03-11 11:07:36:671 [TID     2372][ERROR  ] [EMVCActiveRecord] Cannot add another connection with the same name for the same thread. Duplicated connection name is "default" [PathInfo "GET /api/user"] (Custom message: "Cannot create controller") [dmvcframework]
2025-03-11 11:07:36:672 [TID     2372][ERROR  ] [EMVCException] Cannot create controller (see log for more info) [PathInfo "GET /api/user"] - 500 Internal Server Error (Custom message: "") [dmvcframework]
2025-03-11 11:07:37:572 [TID     2372][ERROR  ] [EMVCActiveRecord] Cannot add another connection with the same name for the same thread. Duplicated connection name is "default" [PathInfo "GET /api/user"] (Custom message: "Cannot create controller") [dmvcframework]
2025-03-11 11:07:37:573 [TID     2372][ERROR  ] [EMVCException] Cannot create controller (see log for more info) [PathInfo "GET /api/user"] - 500 Internal Server Error (Custom message: "") [dmvcframework]
2025-03-11 11:07:48:824 [TID    14120][INFO   ] ** DMVCFramework Server ** build 3.4.2-magnesium [dmvcframework]
2025-03-11 11:07:48:824 [TID    14120][INFO   ] Initializing default dotEnv instance [dmvcframework]
2025-03-11 11:07:48:825 [TID    14120][INFO   ] dotEnv: Path = H:\BookWorm\book-recommendation-backend\DB_APIs\Server\project\Win32\Debug [dmvcframework]
2025-03-11 11:07:48:825 [TID    14120][INFO   ] dotEnv: Active profile/s priority = [default,test,prod] (Priority: FileThenEnv) [dmvcframework]
2025-03-11 11:07:48:825 [TID    14120][INFO   ] dotEnv: Applied file H:\BookWorm\book-recommendation-backend\DB_APIs\Server\project\Win32\Debug\.env [dmvcframework]
2025-03-11 11:07:48:826 [TID    14120][INFO   ] dotEnv: Missed file H:\BookWorm\book-recommendation-backend\DB_APIs\Server\project\Win32\Debug\.env.test [dmvcframework]
2025-03-11 11:07:48:826 [TID    14120][INFO   ] dotEnv: Missed file H:\BookWorm\book-recommendation-backend\DB_APIs\Server\project\Win32\Debug\.env.prod [dmvcframework]
2025-03-11 11:07:48:841 [TID    14120][INFO   ] Listening on http://localhost:8080 [dmvcframework]
2025-03-11 11:07:48:841 [TID    14120][INFO   ] Application started. Press Ctrl+C to shut down. [dmvcframework]
2025-03-11 11:07:49:688 [TID     9284][INFO   ] Loading Config default values [dmvcframework]
2025-03-11 11:07:49:688 [TID     9284][INFO   ] Loading System Controllers [dmvcframework]
2025-03-11 11:07:49:849 [TID     9284][ERROR  ] [EInvalidPointer] Invalid pointer operation [PathInfo "GET /api/user"] - 500 Internal Server Error (Custom message: "Global Action Exception Handler") [dmvcframework]
2025-03-11 11:07:49:850 [TID     9284][ERROR  ] [EEncodingError] Invalid encoding name [dmvcframework]
2025-03-11 11:08:51:627 [TID     8420][INFO   ] ** DMVCFramework Server ** build 3.4.2-magnesium [dmvcframework]
2025-03-11 11:08:51:627 [TID     8420][INFO   ] Initializing default dotEnv instance [dmvcframework]
2025-03-11 11:08:51:627 [TID     8420][INFO   ] dotEnv: Path = H:\BookWorm\book-recommendation-backend\DB_APIs\Server\project\Win32\Debug [dmvcframework]
2025-03-11 11:08:51:627 [TID     8420][INFO   ] dotEnv: Active profile/s priority = [default,test,prod] (Priority: FileThenEnv) [dmvcframework]
2025-03-11 11:08:51:627 [TID     8420][INFO   ] dotEnv: Applied file H:\BookWorm\book-recommendation-backend\DB_APIs\Server\project\Win32\Debug\.env [dmvcframework]
2025-03-11 11:08:51:627 [TID     8420][INFO   ] dotEnv: Missed file H:\BookWorm\book-recommendation-backend\DB_APIs\Server\project\Win32\Debug\.env.test [dmvcframework]
2025-03-11 11:08:51:627 [TID     8420][INFO   ] dotEnv: Missed file H:\BookWorm\book-recommendation-backend\DB_APIs\Server\project\Win32\Debug\.env.prod [dmvcframework]
2025-03-11 11:08:51:644 [TID     8420][INFO   ] Listening on http://localhost:8080 [dmvcframework]
2025-03-11 11:08:51:644 [TID     8420][INFO   ] Application started. Press Ctrl+C to shut down. [dmvcframework]
2025-03-11 11:08:53:061 [TID     7828][INFO   ] Loading Config default values [dmvcframework]
2025-03-11 11:08:53:062 [TID     7828][INFO   ] Loading System Controllers [dmvcframework]
2025-03-11 11:08:53:424 [TID     7828][ERROR  ] [EInvalidCast] Invalid class typecast [PathInfo "GET /api/user"] - 500 Internal Server Error (Custom message: "Global Action Exception Handler") [dmvcframework]
2025-03-11 11:08:53:425 [TID     7828][ERROR  ] [EEncodingError] Invalid encoding name [dmvcframework]
2025-03-11 11:09:17:096 [TID    14008][INFO   ] ** DMVCFramework Server ** build 3.4.2-magnesium [dmvcframework]
2025-03-11 11:09:17:101 [TID    14008][INFO   ] Initializing default dotEnv instance [dmvcframework]
2025-03-11 11:09:17:101 [TID    14008][INFO   ] dotEnv: Path = H:\BookWorm\book-recommendation-backend\DB_APIs\Server\project\Win32\Debug [dmvcframework]
2025-03-11 11:09:17:101 [TID    14008][INFO   ] dotEnv: Active profile/s priority = [default,test,prod] (Priority: FileThenEnv) [dmvcframework]
2025-03-11 11:09:17:102 [TID    14008][INFO   ] dotEnv: Applied file H:\BookWorm\book-recommendation-backend\DB_APIs\Server\project\Win32\Debug\.env [dmvcframework]
2025-03-11 11:09:17:105 [TID    14008][INFO   ] dotEnv: Missed file H:\BookWorm\book-recommendation-backend\DB_APIs\Server\project\Win32\Debug\.env.test [dmvcframework]
2025-03-11 11:09:17:105 [TID    14008][INFO   ] dotEnv: Missed file H:\BookWorm\book-recommendation-backend\DB_APIs\Server\project\Win32\Debug\.env.prod [dmvcframework]
2025-03-11 11:09:17:118 [TID    14008][INFO   ] Listening on http://localhost:8080 [dmvcframework]
2025-03-11 11:09:17:118 [TID    14008][INFO   ] Application started. Press Ctrl+C to shut down. [dmvcframework]
2025-03-11 11:13:20:272 [TID    11420][INFO   ] ** DMVCFramework Server ** build 3.4.2-magnesium [dmvcframework]
2025-03-11 11:13:20:273 [TID    11420][INFO   ] Initializing default dotEnv instance [dmvcframework]
2025-03-11 11:13:20:273 [TID    11420][INFO   ] dotEnv: Path = H:\BookWorm\book-recommendation-backend\DB_APIs\Server\project\Win32\Debug [dmvcframework]
2025-03-11 11:13:20:273 [TID    11420][INFO   ] dotEnv: Active profile/s priority = [default,test,prod] (Priority: FileThenEnv) [dmvcframework]
2025-03-11 11:13:20:274 [TID    11420][INFO   ] dotEnv: Applied file H:\BookWorm\book-recommendation-backend\DB_APIs\Server\project\Win32\Debug\.env [dmvcframework]
2025-03-11 11:13:20:275 [TID    11420][INFO   ] dotEnv: Applied file H:\BookWorm\book-recommendation-backend\DB_APIs\Server\project\Win32\Debug\.env.test [dmvcframework]
2025-03-11 11:13:20:277 [TID    11420][INFO   ] dotEnv: Applied file H:\BookWorm\book-recommendation-backend\DB_APIs\Server\project\Win32\Debug\.env.prod [dmvcframework]
2025-03-11 11:13:20:289 [TID    11420][INFO   ] Listening on http://localhost:8080 [dmvcframework]
2025-03-11 11:13:20:290 [TID    11420][INFO   ] Application started. Press Ctrl+C to shut down. [dmvcframework]
2025-03-11 11:13:35:391 [TID     8828][INFO   ] Loading Config default values [dmvcframework]
2025-03-11 11:13:35:391 [TID     8828][INFO   ] Loading System Controllers [dmvcframework]
2025-03-11 11:13:35:718 [TID     8828][ERROR  ] [EInvalidCast] Invalid class typecast [PathInfo "GET /api/user"] - 500 Internal Server Error (Custom message: "Global Action Exception Handler") [dmvcframework]
2025-03-11 11:13:35:719 [TID     8828][ERROR  ] [EEncodingError] Invalid encoding name [dmvcframework]
2025-03-11 11:14:09:780 [TID     8356][INFO   ] ** DMVCFramework Server ** build 3.4.2-magnesium [dmvcframework]
2025-03-11 11:14:09:780 [TID     8356][INFO   ] Initializing default dotEnv instance [dmvcframework]
2025-03-11 11:14:09:781 [TID     8356][INFO   ] dotEnv: Path = H:\BookWorm\book-recommendation-backend\DB_APIs\Server\project\Win32\Debug [dmvcframework]
2025-03-11 11:14:09:781 [TID     8356][INFO   ] dotEnv: Active profile/s priority = [default,test,prod] (Priority: FileThenEnv) [dmvcframework]
2025-03-11 11:14:09:782 [TID     8356][INFO   ] dotEnv: Applied file H:\BookWorm\book-recommendation-backend\DB_APIs\Server\project\Win32\Debug\.env [dmvcframework]
2025-03-11 11:14:09:784 [TID     8356][INFO   ] dotEnv: Applied file H:\BookWorm\book-recommendation-backend\DB_APIs\Server\project\Win32\Debug\.env.test [dmvcframework]
2025-03-11 11:14:09:784 [TID     8356][INFO   ] dotEnv: Applied file H:\BookWorm\book-recommendation-backend\DB_APIs\Server\project\Win32\Debug\.env.prod [dmvcframework]
2025-03-11 11:14:09:795 [TID     8356][INFO   ] Listening on http://localhost:8080 [dmvcframework]
2025-03-11 11:14:09:795 [TID     8356][INFO   ] Application started. Press Ctrl+C to shut down. [dmvcframework]
2025-03-11 11:14:12:217 [TID    13484][INFO   ] Loading Config default values [dmvcframework]
2025-03-11 11:14:12:218 [TID    13484][INFO   ] Loading System Controllers [dmvcframework]
2025-03-11 11:14:12:560 [TID    13484][ERROR  ] [EInvalidCast] Invalid class typecast [PathInfo "GET /api/user"] - 500 Internal Server Error (Custom message: "Global Action Exception Handler") [dmvcframework]
2025-03-11 11:14:12:561 [TID    13484][ERROR  ] [EEncodingError] Invalid encoding name [dmvcframework]
2025-03-11 11:14:17:004 [TID    14036][INFO   ] ** DMVCFramework Server ** build 3.4.2-magnesium [dmvcframework]
2025-03-11 11:14:17:016 [TID    14036][INFO   ] Initializing default dotEnv instance [dmvcframework]
2025-03-11 11:14:17:016 [TID    14036][INFO   ] dotEnv: Path = H:\BookWorm\book-recommendation-backend\DB_APIs\Server\project\Win32\Debug [dmvcframework]
2025-03-11 11:14:17:016 [TID    14036][INFO   ] dotEnv: Active profile/s priority = [default,test,prod] (Priority: FileThenEnv) [dmvcframework]
2025-03-11 11:14:17:041 [TID    14036][INFO   ] dotEnv: Applied file H:\BookWorm\book-recommendation-backend\DB_APIs\Server\project\Win32\Debug\.env [dmvcframework]
2025-03-11 11:14:17:041 [TID    14036][INFO   ] dotEnv: Applied file H:\BookWorm\book-recommendation-backend\DB_APIs\Server\project\Win32\Debug\.env.test [dmvcframework]
2025-03-11 11:14:17:041 [TID    14036][INFO   ] dotEnv: Applied file H:\BookWorm\book-recommendation-backend\DB_APIs\Server\project\Win32\Debug\.env.prod [dmvcframework]
2025-03-11 11:14:17:129 [TID    14036][INFO   ] Listening on http://localhost:8080 [dmvcframework]
2025-03-11 11:14:17:129 [TID    14036][INFO   ] Application started. Press Ctrl+C to shut down. [dmvcframework]
2025-03-11 11:14:19:135 [TID     8520][INFO   ] Loading Config default values [dmvcframework]
2025-03-11 11:14:19:135 [TID     8520][INFO   ] Loading System Controllers [dmvcframework]
2025-03-11 11:14:33:721 [TID     8520][ERROR  ] [EInvalidCast] Invalid class typecast [PathInfo "GET /api/user"] - 500 Internal Server Error (Custom message: "Global Action Exception Handler") [dmvcframework]
2025-03-11 11:14:35:096 [TID     8520][ERROR  ] [EEncodingError] Invalid encoding name [dmvcframework]
2025-03-11 11:14:43:391 [TID     7960][INFO   ] ** DMVCFramework Server ** build 3.4.2-magnesium [dmvcframework]
2025-03-11 11:14:43:405 [TID     7960][INFO   ] Initializing default dotEnv instance [dmvcframework]
2025-03-11 11:14:43:405 [TID     7960][INFO   ] dotEnv: Path = H:\BookWorm\book-recommendation-backend\DB_APIs\Server\project\Win32\Debug [dmvcframework]
2025-03-11 11:14:43:405 [TID     7960][INFO   ] dotEnv: Active profile/s priority = [default,test,prod] (Priority: FileThenEnv) [dmvcframework]
2025-03-11 11:14:43:427 [TID     7960][INFO   ] dotEnv: Applied file H:\BookWorm\book-recommendation-backend\DB_APIs\Server\project\Win32\Debug\.env [dmvcframework]
2025-03-11 11:14:43:427 [TID     7960][INFO   ] dotEnv: Applied file H:\BookWorm\book-recommendation-backend\DB_APIs\Server\project\Win32\Debug\.env.test [dmvcframework]
2025-03-11 11:14:43:428 [TID     7960][INFO   ] dotEnv: Applied file H:\BookWorm\book-recommendation-backend\DB_APIs\Server\project\Win32\Debug\.env.prod [dmvcframework]
2025-03-11 11:14:43:505 [TID     7960][INFO   ] Listening on http://localhost:8080 [dmvcframework]
2025-03-11 11:14:43:505 [TID     7960][INFO   ] Application started. Press Ctrl+C to shut down. [dmvcframework]
2025-03-11 11:14:54:435 [TID    13660][INFO   ] ** DMVCFramework Server ** build 3.4.2-magnesium [dmvcframework]
2025-03-11 11:14:54:435 [TID    13660][INFO   ] Initializing default dotEnv instance [dmvcframework]
2025-03-11 11:14:54:435 [TID    13660][INFO   ] dotEnv: Path = H:\BookWorm\book-recommendation-backend\DB_APIs\Server\project\Win32\Debug [dmvcframework]
2025-03-11 11:14:54:435 [TID    13660][INFO   ] dotEnv: Active profile/s priority = [default,test,prod] (Priority: FileThenEnv) [dmvcframework]
2025-03-11 11:14:54:458 [TID    13660][INFO   ] dotEnv: Applied file H:\BookWorm\book-recommendation-backend\DB_APIs\Server\project\Win32\Debug\.env [dmvcframework]
2025-03-11 11:14:54:459 [TID    13660][INFO   ] dotEnv: Applied file H:\BookWorm\book-recommendation-backend\DB_APIs\Server\project\Win32\Debug\.env.test [dmvcframework]
2025-03-11 11:14:54:459 [TID    13660][INFO   ] dotEnv: Applied file H:\BookWorm\book-recommendation-backend\DB_APIs\Server\project\Win32\Debug\.env.prod [dmvcframework]
2025-03-11 11:14:54:538 [TID    13660][INFO   ] Listening on http://localhost:8080 [dmvcframework]
2025-03-11 11:14:54:538 [TID    13660][INFO   ] Application started. Press Ctrl+C to shut down. [dmvcframework]
2025-03-11 11:14:58:145 [TID     7476][INFO   ] Loading Config default values [dmvcframework]
2025-03-11 11:14:58:145 [TID     7476][INFO   ] Loading System Controllers [dmvcframework]
2025-03-11 11:19:50:513 [TID    10372][INFO   ] ** DMVCFramework Server ** build 3.4.2-magnesium [dmvcframework]
2025-03-11 11:19:50:513 [TID    10372][INFO   ] Initializing default dotEnv instance [dmvcframework]
2025-03-11 11:19:50:513 [TID    10372][INFO   ] dotEnv: Path = H:\BookWorm\book-recommendation-backend\DB_APIs\Server\project\Win32\Debug [dmvcframework]
2025-03-11 11:19:50:525 [TID    10372][INFO   ] dotEnv: Active profile/s priority = [default,test,prod] (Priority: FileThenEnv) [dmvcframework]
2025-03-11 11:19:50:537 [TID    10372][INFO   ] dotEnv: Applied file H:\BookWorm\book-recommendation-backend\DB_APIs\Server\project\Win32\Debug\.env [dmvcframework]
2025-03-11 11:19:50:537 [TID    10372][INFO   ] dotEnv: Applied file H:\BookWorm\book-recommendation-backend\DB_APIs\Server\project\Win32\Debug\.env.test [dmvcframework]
2025-03-11 11:19:50:538 [TID    10372][INFO   ] dotEnv: Applied file H:\BookWorm\book-recommendation-backend\DB_APIs\Server\project\Win32\Debug\.env.prod [dmvcframework]
2025-03-11 11:19:50:600 [TID    10372][INFO   ] Listening on http://localhost:8080 [dmvcframework]
2025-03-11 11:19:50:602 [TID    10372][INFO   ] Application started. Press Ctrl+C to shut down. [dmvcframework]
2025-03-11 11:19:54:156 [TID    12944][INFO   ] Loading Config default values [dmvcframework]
2025-03-11 11:19:54:156 [TID    12944][INFO   ] Loading System Controllers [dmvcframework]
2025-03-11 11:20:16:726 [TID    12944][ERROR  ]    : Invalid encoding name [dmvcframework]
2025-03-11 11:20:16:753 [TID    12944][ERROR  ] [EEncodingError] Invalid encoding name [PathInfo "GET /api/user"] - 500 Internal Server Error (Custom message: "Global Action Exception Handler") [dmvcframework]
2025-03-11 11:20:20:361 [TID    12944][ERROR  ] [EEncodingError] Invalid encoding name [dmvcframework]
2025-03-11 11:22:22:361 [TID    13236][INFO   ] ** DMVCFramework Server ** build 3.4.2-magnesium [dmvcframework]
2025-03-11 11:22:22:361 [TID    13236][INFO   ] Initializing default dotEnv instance [dmvcframework]
2025-03-11 11:22:22:361 [TID    13236][INFO   ] dotEnv: Path = H:\BookWorm\book-recommendation-backend\DB_APIs\Server\project\Win32\Debug [dmvcframework]
2025-03-11 11:22:22:361 [TID    13236][INFO   ] dotEnv: Active profile/s priority = [default,test,prod] (Priority: FileThenEnv) [dmvcframework]
2025-03-11 11:22:22:362 [TID    13236][INFO   ] dotEnv: Applied file H:\BookWorm\book-recommendation-backend\DB_APIs\Server\project\Win32\Debug\.env [dmvcframework]
2025-03-11 11:22:22:362 [TID    13236][INFO   ] dotEnv: Applied file H:\BookWorm\book-recommendation-backend\DB_APIs\Server\project\Win32\Debug\.env.test [dmvcframework]
2025-03-11 11:22:22:363 [TID    13236][INFO   ] dotEnv: Applied file H:\BookWorm\book-recommendation-backend\DB_APIs\Server\project\Win32\Debug\.env.prod [dmvcframework]
2025-03-11 11:22:22:380 [TID    13236][INFO   ] Listening on http://localhost:8080 [dmvcframework]
2025-03-11 11:22:22:380 [TID    13236][INFO   ] Application started. Press Ctrl+C to shut down. [dmvcframework]
2025-03-11 11:22:24:057 [TID    11248][INFO   ] Loading Config default values [dmvcframework]
2025-03-11 11:22:24:057 [TID    11248][INFO   ] Loading System Controllers [dmvcframework]
2025-03-11 11:22:24:400 [TID    11248][ERROR  ]    : Invalid encoding name [dmvcframework]
2025-03-11 11:22:24:400 [TID    11248][ERROR  ] [EEncodingError] Invalid encoding name [PathInfo "GET /api/user"] - 500 Internal Server Error (Custom message: "Global Action Exception Handler") [dmvcframework]
2025-03-11 11:22:24:401 [TID    11248][ERROR  ] [EEncodingError] Invalid encoding name [dmvcframework]
2025-03-11 11:23:24:504 [TID    12868][INFO   ] ** DMVCFramework Server ** build 3.4.2-magnesium [dmvcframework]
2025-03-11 11:23:24:504 [TID    12868][INFO   ] Initializing default dotEnv instance [dmvcframework]
2025-03-11 11:23:24:504 [TID    12868][INFO   ] dotEnv: Path = H:\BookWorm\book-recommendation-backend\DB_APIs\Server\project\Win32\Debug [dmvcframework]
2025-03-11 11:23:24:504 [TID    12868][INFO   ] dotEnv: Active profile/s priority = [default,test,prod] (Priority: FileThenEnv) [dmvcframework]
2025-03-11 11:23:24:505 [TID    12868][INFO   ] dotEnv: Missed file H:\BookWorm\book-recommendation-backend\DB_APIs\Server\project\Win32\Debug\.env [dmvcframework]
2025-03-11 11:23:24:505 [TID    12868][INFO   ] dotEnv: Missed file H:\BookWorm\book-recommendation-backend\DB_APIs\Server\project\Win32\Debug\.env.test [dmvcframework]
2025-03-11 11:23:24:507 [TID    12868][INFO   ] dotEnv: Missed file H:\BookWorm\book-recommendation-backend\DB_APIs\Server\project\Win32\Debug\.env.prod [dmvcframework]
2025-03-11 11:23:24:527 [TID    12868][INFO   ] Listening on http://localhost:8080 [dmvcframework]
2025-03-11 11:23:24:527 [TID    12868][INFO   ] Application started. Press Ctrl+C to shut down. [dmvcframework]
2025-03-11 11:23:35:892 [TID    12144][INFO   ] Loading Config default values [dmvcframework]
2025-03-11 11:23:35:892 [TID    12144][INFO   ] Loading System Controllers [dmvcframework]
2025-03-11 11:23:36:240 [TID    12144][ERROR  ]    : Invalid encoding name [dmvcframework]
2025-03-11 11:23:36:240 [TID    12144][ERROR  ] [EEncodingError] Invalid encoding name [PathInfo "GET /api/user"] - 500 Internal Server Error (Custom message: "Global Action Exception Handler") [dmvcframework]
2025-03-11 11:23:36:241 [TID    12144][ERROR  ] [EEncodingError] Invalid encoding name [dmvcframework]
2025-03-11 11:27:28:645 [TID    13376][INFO   ] ** DMVCFramework Server ** build 3.4.2-magnesium [dmvcframework]
2025-03-11 11:27:28:645 [TID    13376][INFO   ] Initializing default dotEnv instance [dmvcframework]
2025-03-11 11:27:28:645 [TID    13376][INFO   ] dotEnv: Path = H:\BookWorm\book-recommendation-backend\DB_APIs\Server\project\Win32\Debug [dmvcframework]
2025-03-11 11:27:28:645 [TID    13376][INFO   ] dotEnv: Active profile/s priority = [default,test,prod] (Priority: FileThenEnv) [dmvcframework]
2025-03-11 11:27:28:645 [TID    13376][INFO   ] dotEnv: Missed file H:\BookWorm\book-recommendation-backend\DB_APIs\Server\project\Win32\Debug\.env [dmvcframework]
2025-03-11 11:27:28:645 [TID    13376][INFO   ] dotEnv: Missed file H:\BookWorm\book-recommendation-backend\DB_APIs\Server\project\Win32\Debug\.env.test [dmvcframework]
2025-03-11 11:27:28:645 [TID    13376][INFO   ] dotEnv: Missed file H:\BookWorm\book-recommendation-backend\DB_APIs\Server\project\Win32\Debug\.env.prod [dmvcframework]
2025-03-11 11:27:28:657 [TID    13376][INFO   ] Listening on http://localhost:8080 [dmvcframework]
2025-03-11 11:27:28:657 [TID    13376][INFO   ] Application started. Press Ctrl+C to shut down. [dmvcframework]
2025-03-11 11:27:33:932 [TID    14000][INFO   ] Loading Config default values [dmvcframework]
2025-03-11 11:27:33:932 [TID    14000][INFO   ] Loading System Controllers [dmvcframework]
2025-03-11 11:27:34:262 [TID    14000][ERROR  ]    : Invalid encoding name [dmvcframework]
2025-03-11 11:27:34:262 [TID    14000][ERROR  ] [EEncodingError] Invalid encoding name [PathInfo "GET /api/user"] - 500 Internal Server Error (Custom message: "Global Action Exception Handler") [dmvcframework]
2025-03-11 11:27:34:263 [TID    14000][ERROR  ] [EEncodingError] Invalid encoding name [dmvcframework]
2025-03-11 11:28:31:378 [TID     3492][INFO   ] ** DMVCFramework Server ** build 3.4.2-magnesium [dmvcframework]
2025-03-11 11:28:31:378 [TID     3492][INFO   ] Initializing default dotEnv instance [dmvcframework]
2025-03-11 11:28:31:378 [TID     3492][INFO   ] dotEnv: Path = H:\BookWorm\book-recommendation-backend\DB_APIs\Server\project\Win32\Debug [dmvcframework]
2025-03-11 11:28:31:378 [TID     3492][INFO   ] dotEnv: Active profile/s priority = [default,test,prod] (Priority: FileThenEnv) [dmvcframework]
2025-03-11 11:28:31:378 [TID     3492][INFO   ] dotEnv: Missed file H:\BookWorm\book-recommendation-backend\DB_APIs\Server\project\Win32\Debug\.env [dmvcframework]
2025-03-11 11:28:31:378 [TID     3492][INFO   ] dotEnv: Missed file H:\BookWorm\book-recommendation-backend\DB_APIs\Server\project\Win32\Debug\.env.test [dmvcframework]
2025-03-11 11:28:31:378 [TID     3492][INFO   ] dotEnv: Missed file H:\BookWorm\book-recommendation-backend\DB_APIs\Server\project\Win32\Debug\.env.prod [dmvcframework]
2025-03-11 11:28:31:391 [TID     3492][INFO   ] Listening on http://localhost:8080 [dmvcframework]
2025-03-11 11:28:31:391 [TID     3492][INFO   ] Application started. Press Ctrl+C to shut down. [dmvcframework]
2025-03-11 11:28:36:331 [TID      740][INFO   ] Loading Config default values [dmvcframework]
2025-03-11 11:28:36:331 [TID      740][INFO   ] Loading System Controllers [dmvcframework]
2025-03-11 11:28:36:548 [TID      740][ERROR  ]    : Invalid encoding name [dmvcframework]
2025-03-11 11:28:36:548 [TID      740][ERROR  ] [EEncodingError] Invalid encoding name [PathInfo "GET /api/user"] - 500 Internal Server Error (Custom message: "Global Action Exception Handler") [dmvcframework]
2025-03-11 11:28:36:549 [TID      740][ERROR  ] [EEncodingError] Invalid encoding name [dmvcframework]
2025-03-11 11:40:13:563 [TID    12328][INFO   ] ** DMVCFramework Server ** build 3.4.2-magnesium [dmvcframework]
2025-03-11 11:40:13:563 [TID    12328][INFO   ] Initializing default dotEnv instance [dmvcframework]
2025-03-11 11:40:13:564 [TID    12328][INFO   ] dotEnv: Path = H:\BookWorm\book-recommendation-backend\DB_APIs\Server\project\Win32\Debug [dmvcframework]
2025-03-11 11:40:13:565 [TID    12328][INFO   ] dotEnv: Active profile/s priority = [default,test,prod] (Priority: FileThenEnv) [dmvcframework]
2025-03-11 11:40:13:565 [TID    12328][INFO   ] dotEnv: Missed file H:\BookWorm\book-recommendation-backend\DB_APIs\Server\project\Win32\Debug\.env [dmvcframework]
2025-03-11 11:40:13:566 [TID    12328][INFO   ] dotEnv: Missed file H:\BookWorm\book-recommendation-backend\DB_APIs\Server\project\Win32\Debug\.env.test [dmvcframework]
2025-03-11 11:40:13:566 [TID    12328][INFO   ] dotEnv: Missed file H:\BookWorm\book-recommendation-backend\DB_APIs\Server\project\Win32\Debug\.env.prod [dmvcframework]
2025-03-11 11:40:13:583 [TID    12328][INFO   ] Listening on http://localhost:8080 [dmvcframework]
2025-03-11 11:40:13:584 [TID    12328][INFO   ] Application started. Press Ctrl+C to shut down. [dmvcframework]
2025-03-11 11:40:16:383 [TID     6348][INFO   ] Loading Config default values [dmvcframework]
2025-03-11 11:40:16:393 [TID     6348][INFO   ] Loading System Controllers [dmvcframework]
2025-03-11 11:40:16:718 [TID     6348][ERROR  ]    : Invalid encoding name [dmvcframework]
2025-03-11 11:40:16:718 [TID     6348][ERROR  ] [EEncodingError] Invalid encoding name [PathInfo "GET /api/user"] - 500 Internal Server Error (Custom message: "Global Action Exception Handler") [dmvcframework]
2025-03-11 11:40:16:719 [TID     6348][ERROR  ] [EEncodingError] Invalid encoding name [dmvcframework]
2025-03-11 11:41:16:155 [TID    14016][INFO   ] ** DMVCFramework Server ** build 3.4.2-magnesium [dmvcframework]
2025-03-11 11:41:16:157 [TID    14016][INFO   ] Initializing default dotEnv instance [dmvcframework]
2025-03-11 11:41:16:158 [TID    14016][INFO   ] dotEnv: Path = H:\BookWorm\book-recommendation-backend\DB_APIs\Server\project\Win32\Debug [dmvcframework]
2025-03-11 11:41:16:158 [TID    14016][INFO   ] dotEnv: Active profile/s priority = [default,test,prod] (Priority: FileThenEnv) [dmvcframework]
2025-03-11 11:41:16:159 [TID    14016][INFO   ] dotEnv: Missed file H:\BookWorm\book-recommendation-backend\DB_APIs\Server\project\Win32\Debug\.env [dmvcframework]
2025-03-11 11:41:16:159 [TID    14016][INFO   ] dotEnv: Missed file H:\BookWorm\book-recommendation-backend\DB_APIs\Server\project\Win32\Debug\.env.test [dmvcframework]
2025-03-11 11:41:16:160 [TID    14016][INFO   ] dotEnv: Missed file H:\BookWorm\book-recommendation-backend\DB_APIs\Server\project\Win32\Debug\.env.prod [dmvcframework]
2025-03-11 11:41:16:186 [TID    14016][INFO   ] Listening on http://localhost:8080 [dmvcframework]
2025-03-11 11:41:16:186 [TID    14016][INFO   ] Application started. Press Ctrl+C to shut down. [dmvcframework]
2025-03-11 11:41:21:088 [TID    13480][INFO   ] Loading Config default values [dmvcframework]
2025-03-11 11:41:21:089 [TID    13480][INFO   ] Loading System Controllers [dmvcframework]
2025-03-11 11:41:21:365 [TID    13480][ERROR  ]    : Invalid encoding name [dmvcframework]
2025-03-11 11:41:21:365 [TID    13480][ERROR  ] [EEncodingError] Invalid encoding name [PathInfo "GET /api/user"] - 500 Internal Server Error (Custom message: "Global Action Exception Handler") [dmvcframework]
2025-03-11 11:41:21:366 [TID    13480][ERROR  ] [EEncodingError] Invalid encoding name [dmvcframework]
2025-03-11 11:46:15:229 [TID     8828][INFO   ] ** DMVCFramework Server ** build 3.4.2-magnesium [dmvcframework]
2025-03-11 11:46:15:229 [TID     8828][INFO   ] Initializing default dotEnv instance [dmvcframework]
2025-03-11 11:46:15:229 [TID     8828][INFO   ] dotEnv: Path = H:\BookWorm\book-recommendation-backend\DB_APIs\Server\project\Win32\Debug [dmvcframework]
2025-03-11 11:46:15:229 [TID     8828][INFO   ] dotEnv: Active profile/s priority = [default,test,prod] (Priority: FileThenEnv) [dmvcframework]
2025-03-11 11:46:15:229 [TID     8828][INFO   ] dotEnv: Missed file H:\BookWorm\book-recommendation-backend\DB_APIs\Server\project\Win32\Debug\.env [dmvcframework]
2025-03-11 11:46:15:229 [TID     8828][INFO   ] dotEnv: Missed file H:\BookWorm\book-recommendation-backend\DB_APIs\Server\project\Win32\Debug\.env.test [dmvcframework]
2025-03-11 11:46:15:230 [TID     8828][INFO   ] dotEnv: Missed file H:\BookWorm\book-recommendation-backend\DB_APIs\Server\project\Win32\Debug\.env.prod [dmvcframework]
2025-03-11 11:46:15:244 [TID     8828][INFO   ] Listening on http://localhost:8080 [dmvcframework]
2025-03-11 11:46:15:244 [TID     8828][INFO   ] Application started. Press Ctrl+C to shut down. [dmvcframework]
2025-03-11 11:46:18:736 [TID     9388][INFO   ] Loading Config default values [dmvcframework]
2025-03-11 11:46:18:736 [TID     9388][INFO   ] Loading System Controllers [dmvcframework]
2025-03-11 11:46:19:080 [TID     9388][ERROR  ] [EEncodingError] Invalid encoding name [PathInfo "GET /api/user"] - 500 Internal Server Error (Custom message: "Global Action Exception Handler") [dmvcframework]
2025-03-11 11:46:19:082 [TID     9388][ERROR  ] [EEncodingError] Invalid encoding name [dmvcframework]
2025-03-11 11:46:26:684 [TID     4656][ERROR  ] [EEncodingError] Invalid encoding name [PathInfo "GET /api/user"] - 500 Internal Server Error (Custom message: "Global Action Exception Handler") [dmvcframework]
2025-03-11 11:46:26:685 [TID     4656][ERROR  ] [EEncodingError] Invalid encoding name [dmvcframework]
2025-03-11 11:48:26:786 [TID     6348][INFO   ] ** DMVCFramework Server ** build 3.4.2-magnesium [dmvcframework]
2025-03-11 11:48:26:788 [TID     6348][INFO   ] Initializing default dotEnv instance [dmvcframework]
2025-03-11 11:48:26:790 [TID     6348][INFO   ] dotEnv: Path = H:\BookWorm\book-recommendation-backend\DB_APIs\Server\project\Win32\Debug [dmvcframework]
2025-03-11 11:48:26:790 [TID     6348][INFO   ] dotEnv: Active profile/s priority = [default,test,prod] (Priority: FileThenEnv) [dmvcframework]
2025-03-11 11:48:26:791 [TID     6348][INFO   ] dotEnv: Missed file H:\BookWorm\book-recommendation-backend\DB_APIs\Server\project\Win32\Debug\.env [dmvcframework]
2025-03-11 11:48:26:791 [TID     6348][INFO   ] dotEnv: Missed file H:\BookWorm\book-recommendation-backend\DB_APIs\Server\project\Win32\Debug\.env.test [dmvcframework]
2025-03-11 11:48:26:792 [TID     6348][INFO   ] dotEnv: Missed file H:\BookWorm\book-recommendation-backend\DB_APIs\Server\project\Win32\Debug\.env.prod [dmvcframework]
2025-03-11 11:48:26:812 [TID     6348][INFO   ] Listening on http://localhost:8080 [dmvcframework]
2025-03-11 11:48:26:813 [TID     6348][INFO   ] Application started. Press Ctrl+C to shut down. [dmvcframework]
2025-03-11 11:48:29:365 [TID     1784][INFO   ] Loading Config default values [dmvcframework]
2025-03-11 11:48:29:365 [TID     1784][INFO   ] Loading System Controllers [dmvcframework]
2025-03-11 11:48:29:706 [TID     1784][ERROR  ] [EEncodingError] Invalid encoding name [PathInfo "GET /api/user"] - 500 Internal Server Error (Custom message: "Global Action Exception Handler") [dmvcframework]
2025-03-11 11:48:29:707 [TID     1784][ERROR  ] [EEncodingError] Invalid encoding name [dmvcframework]
2025-03-11 11:52:10:192 [TID     4744][INFO   ] ** DMVCFramework Server ** build 3.4.2-magnesium [dmvcframework]
2025-03-11 11:52:10:193 [TID     4744][INFO   ] Initializing default dotEnv instance [dmvcframework]
2025-03-11 11:52:10:193 [TID     4744][INFO   ] dotEnv: Path = H:\BookWorm\book-recommendation-backend\DB_APIs\Server\project\Win32\Debug [dmvcframework]
2025-03-11 11:52:10:193 [TID     4744][INFO   ] dotEnv: Active profile/s priority = [default,test,prod] (Priority: FileThenEnv) [dmvcframework]
2025-03-11 11:52:10:194 [TID     4744][INFO   ] dotEnv: Missed file H:\BookWorm\book-recommendation-backend\DB_APIs\Server\project\Win32\Debug\.env [dmvcframework]
2025-03-11 11:52:10:194 [TID     4744][INFO   ] dotEnv: Missed file H:\BookWorm\book-recommendation-backend\DB_APIs\Server\project\Win32\Debug\.env.test [dmvcframework]
2025-03-11 11:52:10:194 [TID     4744][INFO   ] dotEnv: Missed file H:\BookWorm\book-recommendation-backend\DB_APIs\Server\project\Win32\Debug\.env.prod [dmvcframework]
2025-03-11 11:52:10:209 [TID     4744][INFO   ] Listening on http://localhost:8080 [dmvcframework]
2025-03-11 11:52:10:209 [TID     4744][INFO   ] Application started. Press Ctrl+C to shut down. [dmvcframework]
2025-03-11 11:52:17:513 [TID     9744][INFO   ] Loading Config default values [dmvcframework]
2025-03-11 11:52:17:513 [TID     9744][INFO   ] Loading System Controllers [dmvcframework]
2025-03-11 11:52:17:844 [TID     9744][ERROR  ] [EAccessViolation] Access violation at address 00EF1017 in module 'ProjBookWorm.exe'. Read of address 0000000C [PathInfo "GET /api/user"] - 500 Internal Server Error (Custom message: "Global Action Exception Handler") [dmvcframework]
2025-03-11 11:52:17:845 [TID     9744][ERROR  ] [EAccessViolation] Access violation at address 00E990BA in module 'ProjBookWorm.exe'. Read of address 0000000C [dmvcframework]
2025-03-11 11:52:23:805 [TID     9444][INFO   ] ** DMVCFramework Server ** build 3.4.2-magnesium [dmvcframework]
2025-03-11 11:52:23:805 [TID     9444][INFO   ] Initializing default dotEnv instance [dmvcframework]
2025-03-11 11:52:23:805 [TID     9444][INFO   ] dotEnv: Path = H:\BookWorm\book-recommendation-backend\DB_APIs\Server\project\Win32\Debug [dmvcframework]
2025-03-11 11:52:23:805 [TID     9444][INFO   ] dotEnv: Active profile/s priority = [default,test,prod] (Priority: FileThenEnv) [dmvcframework]
2025-03-11 11:52:23:805 [TID     9444][INFO   ] dotEnv: Missed file H:\BookWorm\book-recommendation-backend\DB_APIs\Server\project\Win32\Debug\.env [dmvcframework]
2025-03-11 11:52:23:805 [TID     9444][INFO   ] dotEnv: Missed file H:\BookWorm\book-recommendation-backend\DB_APIs\Server\project\Win32\Debug\.env.test [dmvcframework]
2025-03-11 11:52:23:814 [TID     9444][INFO   ] dotEnv: Missed file H:\BookWorm\book-recommendation-backend\DB_APIs\Server\project\Win32\Debug\.env.prod [dmvcframework]
2025-03-11 11:52:23:907 [TID     9444][INFO   ] Listening on http://localhost:8080 [dmvcframework]
2025-03-11 11:52:23:907 [TID     9444][INFO   ] Application started. Press Ctrl+C to shut down. [dmvcframework]
2025-03-11 11:52:25:003 [TID     6444][INFO   ] Loading Config default values [dmvcframework]
2025-03-11 11:52:25:004 [TID     6444][INFO   ] Loading System Controllers [dmvcframework]
2025-03-11 11:53:24:274 [TID     6444][ERROR  ] [EAccessViolation] Access violation at address 00EF1017 in module 'ProjBookWorm.exe'. Read of address 0000000C [PathInfo "GET /api/user"] - 500 Internal Server Error (Custom message: "Global Action Exception Handler") [dmvcframework]
2025-03-11 11:53:26:545 [TID     6444][ERROR  ] [EAccessViolation] Access violation at address 00E990BA in module 'ProjBookWorm.exe'. Read of address 0000000C [dmvcframework]
2025-03-11 11:56:53:049 [TID     9316][INFO   ] ** DMVCFramework Server ** build 3.4.2-magnesium [dmvcframework]
2025-03-11 11:56:53:060 [TID     9316][INFO   ] Initializing default dotEnv instance [dmvcframework]
2025-03-11 11:56:53:060 [TID     9316][INFO   ] dotEnv: Path = H:\BookWorm\book-recommendation-backend\DB_APIs\Server\project\Win32\Debug [dmvcframework]
2025-03-11 11:56:53:060 [TID     9316][INFO   ] dotEnv: Active profile/s priority = [default,test,prod] (Priority: FileThenEnv) [dmvcframework]
2025-03-11 11:56:53:060 [TID     9316][INFO   ] dotEnv: Missed file H:\BookWorm\book-recommendation-backend\DB_APIs\Server\project\Win32\Debug\.env [dmvcframework]
2025-03-11 11:56:53:069 [TID     9316][INFO   ] dotEnv: Missed file H:\BookWorm\book-recommendation-backend\DB_APIs\Server\project\Win32\Debug\.env.test [dmvcframework]
2025-03-11 11:56:53:083 [TID     9316][INFO   ] dotEnv: Missed file H:\BookWorm\book-recommendation-backend\DB_APIs\Server\project\Win32\Debug\.env.prod [dmvcframework]
2025-03-11 11:56:53:158 [TID     9316][INFO   ] Listening on http://localhost:8080 [dmvcframework]
2025-03-11 11:56:53:158 [TID     9316][INFO   ] Application started. Press Ctrl+C to shut down. [dmvcframework]
2025-03-11 11:56:56:774 [TID     2876][INFO   ] Loading Config default values [dmvcframework]
2025-03-11 11:56:56:782 [TID     2876][INFO   ] Loading System Controllers [dmvcframework]
2025-03-11 11:57:05:544 [TID    12144][INFO   ] ** DMVCFramework Server ** build 3.4.2-magnesium [dmvcframework]
2025-03-11 11:57:05:544 [TID    12144][INFO   ] Initializing default dotEnv instance [dmvcframework]
2025-03-11 11:57:05:544 [TID    12144][INFO   ] dotEnv: Path = H:\BookWorm\book-recommendation-backend\DB_APIs\Server\project\Win32\Debug [dmvcframework]
2025-03-11 11:57:05:544 [TID    12144][INFO   ] dotEnv: Active profile/s priority = [default,test,prod] (Priority: FileThenEnv) [dmvcframework]
2025-03-11 11:57:05:545 [TID    12144][INFO   ] dotEnv: Missed file H:\BookWorm\book-recommendation-backend\DB_APIs\Server\project\Win32\Debug\.env [dmvcframework]
2025-03-11 11:57:05:545 [TID    12144][INFO   ] dotEnv: Missed file H:\BookWorm\book-recommendation-backend\DB_APIs\Server\project\Win32\Debug\.env.test [dmvcframework]
2025-03-11 11:57:05:545 [TID    12144][INFO   ] dotEnv: Missed file H:\BookWorm\book-recommendation-backend\DB_APIs\Server\project\Win32\Debug\.env.prod [dmvcframework]
2025-03-11 11:57:05:556 [TID    12144][INFO   ] Listening on http://localhost:8080 [dmvcframework]
2025-03-11 11:57:05:558 [TID    12144][INFO   ] Application started. Press Ctrl+C to shut down. [dmvcframework]
2025-03-11 11:57:07:668 [TID    13704][INFO   ] Loading Config default values [dmvcframework]
2025-03-11 11:57:07:668 [TID    13704][INFO   ] Loading System Controllers [dmvcframework]
2025-03-11 11:57:07:888 [TID    13704][ERROR  ] [EAccessViolation] Access violation at address 00AB1017 in module 'ProjBookWorm.exe'. Read of address 0000000C [PathInfo "GET /api/user"] - 500 Internal Server Error (Custom message: "Global Action Exception Handler") [dmvcframework]
2025-03-11 11:57:07:890 [TID    13704][ERROR  ] [EAccessViolation] Access violation at address 00A590BA in module 'ProjBookWorm.exe'. Read of address 0000000C [dmvcframework]
2025-03-11 11:58:56:634 [TID    14116][INFO   ] ** DMVCFramework Server ** build 3.4.2-magnesium [dmvcframework]
2025-03-11 11:58:56:634 [TID    14116][INFO   ] Initializing default dotEnv instance [dmvcframework]
2025-03-11 11:58:56:635 [TID    14116][INFO   ] dotEnv: Path = H:\BookWorm\book-recommendation-backend\DB_APIs\Server\project\Win32\Debug [dmvcframework]
2025-03-11 11:58:56:635 [TID    14116][INFO   ] dotEnv: Active profile/s priority = [default,test,prod] (Priority: FileThenEnv) [dmvcframework]
2025-03-11 11:58:56:635 [TID    14116][INFO   ] dotEnv: Missed file H:\BookWorm\book-recommendation-backend\DB_APIs\Server\project\Win32\Debug\.env [dmvcframework]
2025-03-11 11:58:56:636 [TID    14116][INFO   ] dotEnv: Missed file H:\BookWorm\book-recommendation-backend\DB_APIs\Server\project\Win32\Debug\.env.test [dmvcframework]
2025-03-11 11:58:56:636 [TID    14116][INFO   ] dotEnv: Missed file H:\BookWorm\book-recommendation-backend\DB_APIs\Server\project\Win32\Debug\.env.prod [dmvcframework]
2025-03-11 11:58:56:652 [TID    14116][INFO   ] Listening on http://localhost:8080 [dmvcframework]
2025-03-11 11:58:56:652 [TID    14116][INFO   ] Application started. Press Ctrl+C to shut down. [dmvcframework]
2025-03-11 11:59:06:766 [TID    13292][INFO   ] Loading Config default values [dmvcframework]
2025-03-11 11:59:06:767 [TID    13292][INFO   ] Loading System Controllers [dmvcframework]
2025-03-11 11:59:07:112 [TID    13292][ERROR  ]    : Invalid encoding name [dmvcframework]
2025-03-11 11:59:07:113 [TID    13292][ERROR  ] [EEncodingError] Invalid encoding name [PathInfo "GET /api/user"] - 500 Internal Server Error (Custom message: "Global Action Exception Handler") [dmvcframework]
2025-03-11 11:59:07:114 [TID    13292][ERROR  ] [EEncodingError] Invalid encoding name [dmvcframework]
2025-03-11 12:00:23:601 [TID     8636][INFO   ] ** DMVCFramework Server ** build 3.4.2-magnesium [dmvcframework]
2025-03-11 12:00:23:601 [TID     8636][INFO   ] Initializing default dotEnv instance [dmvcframework]
2025-03-11 12:00:23:603 [TID     8636][INFO   ] dotEnv: Path = H:\BookWorm\book-recommendation-backend\DB_APIs\Server\project\Win32\Debug [dmvcframework]
2025-03-11 12:00:23:603 [TID     8636][INFO   ] dotEnv: Active profile/s priority = [default,test,prod] (Priority: FileThenEnv) [dmvcframework]
2025-03-11 12:00:23:604 [TID     8636][INFO   ] dotEnv: Missed file H:\BookWorm\book-recommendation-backend\DB_APIs\Server\project\Win32\Debug\.env [dmvcframework]
2025-03-11 12:00:23:610 [TID     8636][INFO   ] dotEnv: Missed file H:\BookWorm\book-recommendation-backend\DB_APIs\Server\project\Win32\Debug\.env.test [dmvcframework]
2025-03-11 12:00:23:612 [TID     8636][INFO   ] dotEnv: Missed file H:\BookWorm\book-recommendation-backend\DB_APIs\Server\project\Win32\Debug\.env.prod [dmvcframework]
2025-03-11 12:00:23:628 [TID     8636][INFO   ] Listening on http://localhost:8080 [dmvcframework]
2025-03-11 12:00:23:629 [TID     8636][INFO   ] Application started. Press Ctrl+C to shut down. [dmvcframework]
2025-03-11 12:00:26:131 [TID     8560][INFO   ] Loading Config default values [dmvcframework]
2025-03-11 12:00:26:131 [TID     8560][INFO   ] Loading System Controllers [dmvcframework]
2025-03-11 12:00:26:446 [TID     8560][ERROR  ]    : Invalid encoding name [dmvcframework]
2025-03-11 12:00:26:446 [TID     8560][ERROR  ] [EEncodingError] Invalid encoding name [PathInfo "GET /api/user"] - 500 Internal Server Error (Custom message: "Global Action Exception Handler") [dmvcframework]
2025-03-11 12:00:26:447 [TID     8560][ERROR  ] [EEncodingError] Invalid encoding name [dmvcframework]
2025-03-11 12:04:46:128 [TID     4116][INFO   ] ** DMVCFramework Server ** build 3.4.2-magnesium [dmvcframework]
2025-03-11 12:04:46:136 [TID     4116][INFO   ] Initializing default dotEnv instance [dmvcframework]
2025-03-11 12:04:46:136 [TID     4116][INFO   ] dotEnv: Path = H:\BookWorm\book-recommendation-backend\DB_APIs\Server\project\Win32\Debug [dmvcframework]
2025-03-11 12:04:46:136 [TID     4116][INFO   ] dotEnv: Active profile/s priority = [default,test,prod] (Priority: FileThenEnv) [dmvcframework]
2025-03-11 12:04:46:136 [TID     4116][INFO   ] dotEnv: Missed file H:\BookWorm\book-recommendation-backend\DB_APIs\Server\project\Win32\Debug\.env [dmvcframework]
2025-03-11 12:04:46:149 [TID     4116][INFO   ] dotEnv: Missed file H:\BookWorm\book-recommendation-backend\DB_APIs\Server\project\Win32\Debug\.env.test [dmvcframework]
2025-03-11 12:04:46:161 [TID     4116][INFO   ] dotEnv: Missed file H:\BookWorm\book-recommendation-backend\DB_APIs\Server\project\Win32\Debug\.env.prod [dmvcframework]
2025-03-11 12:04:46:246 [TID     4116][INFO   ] Listening on http://localhost:8080 [dmvcframework]
2025-03-11 12:04:46:246 [TID     4116][INFO   ] Application started. Press Ctrl+C to shut down. [dmvcframework]
2025-03-11 12:04:49:185 [TID    10920][INFO   ] Loading Config default values [dmvcframework]
2025-03-11 12:09:06:614 [TID     6728][INFO   ] ** DMVCFramework Server ** build 3.4.2-magnesium [dmvcframework]
2025-03-11 12:09:06:615 [TID     6728][INFO   ] Initializing default dotEnv instance [dmvcframework]
2025-03-11 12:09:06:616 [TID     6728][INFO   ] dotEnv: Path = H:\BookWorm\book-recommendation-backend\DB_APIs\Server\project\Win32\Debug [dmvcframework]
2025-03-11 12:09:06:616 [TID     6728][INFO   ] dotEnv: Active profile/s priority = [default,test,prod] (Priority: FileThenEnv) [dmvcframework]
2025-03-11 12:09:06:616 [TID     6728][INFO   ] dotEnv: Missed file H:\BookWorm\book-recommendation-backend\DB_APIs\Server\project\Win32\Debug\.env [dmvcframework]
2025-03-11 12:09:06:617 [TID     6728][INFO   ] dotEnv: Missed file H:\BookWorm\book-recommendation-backend\DB_APIs\Server\project\Win32\Debug\.env.test [dmvcframework]
2025-03-11 12:09:06:617 [TID     6728][INFO   ] dotEnv: Missed file H:\BookWorm\book-recommendation-backend\DB_APIs\Server\project\Win32\Debug\.env.prod [dmvcframework]
2025-03-11 12:09:06:631 [TID     6728][INFO   ] Listening on http://localhost:8080 [dmvcframework]
2025-03-11 12:09:06:631 [TID     6728][INFO   ] Application started. Press Ctrl+C to shut down. [dmvcframework]
2025-03-11 12:09:12:414 [TID     9112][INFO   ] Loading Config default values [dmvcframework]
2025-03-11 12:09:12:415 [TID     9112][INFO   ] Loading System Controllers [dmvcframework]
2025-03-11 12:09:12:648 [TID     9112][ERROR  ]    : Invalid encoding name [dmvcframework]
2025-03-11 12:09:12:648 [TID     9112][ERROR  ] [EEncodingError] Invalid encoding name [PathInfo "GET /api/user"] - 500 Internal Server Error (Custom message: "Global Action Exception Handler") [dmvcframework]
2025-03-11 12:09:12:649 [TID     9112][ERROR  ] [EEncodingError] Invalid encoding name [dmvcframework]
2025-03-11 12:13:16:247 [TID     6132][INFO   ] ** DMVCFramework Server ** build 3.4.2-magnesium [dmvcframework]
2025-03-11 12:13:16:252 [TID     6132][INFO   ] Initializing default dotEnv instance [dmvcframework]
2025-03-11 12:13:16:252 [TID     6132][INFO   ] dotEnv: Path = H:\BookWorm\book-recommendation-backend\DB_APIs\Server\project\Win32\Debug [dmvcframework]
2025-03-11 12:13:16:252 [TID     6132][INFO   ] dotEnv: Active profile/s priority = [default,test,prod] (Priority: FileThenEnv) [dmvcframework]
2025-03-11 12:13:16:252 [TID     6132][INFO   ] dotEnv: Missed file H:\BookWorm\book-recommendation-backend\DB_APIs\Server\project\Win32\Debug\.env [dmvcframework]
2025-03-11 12:13:16:253 [TID     6132][INFO   ] dotEnv: Missed file H:\BookWorm\book-recommendation-backend\DB_APIs\Server\project\Win32\Debug\.env.test [dmvcframework]
2025-03-11 12:13:16:253 [TID     6132][INFO   ] dotEnv: Missed file H:\BookWorm\book-recommendation-backend\DB_APIs\Server\project\Win32\Debug\.env.prod [dmvcframework]
2025-03-11 12:13:16:270 [TID     6132][INFO   ] Listening on http://localhost:8080 [dmvcframework]
2025-03-11 12:13:16:270 [TID     6132][INFO   ] Application started. Press Ctrl+C to shut down. [dmvcframework]
2025-03-11 12:13:19:344 [TID     3112][INFO   ] Loading Config default values [dmvcframework]
2025-03-11 12:13:19:344 [TID     3112][INFO   ] Loading System Controllers [dmvcframework]
2025-03-11 12:13:19:690 [TID     3112][ERROR  ]    : Invalid encoding name [dmvcframework]
2025-03-11 12:13:19:690 [TID     3112][ERROR  ] [EEncodingError] Invalid encoding name [PathInfo "GET /api/user"] - 500 Internal Server Error (Custom message: "Global Action Exception Handler") [dmvcframework]
2025-03-11 12:13:19:691 [TID     3112][ERROR  ] [EEncodingError] Invalid encoding name [dmvcframework]
2025-03-11 12:14:06:390 [TID     9048][INFO   ] ** DMVCFramework Server ** build 3.4.2-magnesium [dmvcframework]
2025-03-11 12:14:06:391 [TID     9048][INFO   ] Initializing default dotEnv instance [dmvcframework]
2025-03-11 12:14:06:391 [TID     9048][INFO   ] dotEnv: Path = H:\BookWorm\book-recommendation-backend\DB_APIs\Server\project\Win32\Debug [dmvcframework]
2025-03-11 12:14:06:392 [TID     9048][INFO   ] dotEnv: Active profile/s priority = [default,test,prod] (Priority: FileThenEnv) [dmvcframework]
2025-03-11 12:14:06:392 [TID     9048][INFO   ] dotEnv: Missed file H:\BookWorm\book-recommendation-backend\DB_APIs\Server\project\Win32\Debug\.env [dmvcframework]
2025-03-11 12:14:06:392 [TID     9048][INFO   ] dotEnv: Missed file H:\BookWorm\book-recommendation-backend\DB_APIs\Server\project\Win32\Debug\.env.test [dmvcframework]
2025-03-11 12:14:06:392 [TID     9048][INFO   ] dotEnv: Missed file H:\BookWorm\book-recommendation-backend\DB_APIs\Server\project\Win32\Debug\.env.prod [dmvcframework]
2025-03-11 12:14:06:417 [TID     9048][INFO   ] Listening on http://localhost:8080 [dmvcframework]
2025-03-11 12:14:06:418 [TID     9048][INFO   ] Application started. Press Ctrl+C to shut down. [dmvcframework]
2025-03-11 12:14:07:265 [TID    13812][INFO   ] Loading Config default values [dmvcframework]
2025-03-11 12:14:07:265 [TID    13812][INFO   ] Loading System Controllers [dmvcframework]
2025-03-11 12:14:07:600 [TID    13812][ERROR  ] Invalid encoding name [dmvcframework]
2025-03-11 12:14:07:601 [TID    13812][ERROR  ] [EEncodingError] Invalid encoding name [PathInfo "GET /api/user"] - 500 Internal Server Error (Custom message: "Global Action Exception Handler") [dmvcframework]
2025-03-11 12:14:07:602 [TID    13812][ERROR  ] [EEncodingError] Invalid encoding name [dmvcframework]
2025-03-11 12:42:23:026 [TID    14864][INFO   ] ** DMVCFramework Server ** build 3.4.2-magnesium [dmvcframework]
2025-03-11 12:42:23:026 [TID    14864][INFO   ] Initializing default dotEnv instance [dmvcframework]
2025-03-11 12:42:23:026 [TID    14864][INFO   ] dotEnv: Path = H:\BookWorm\book-recommendation-backend\DB_APIs\Server\project\Win32\Debug [dmvcframework]
2025-03-11 12:42:23:026 [TID    14864][INFO   ] dotEnv: Active profile/s priority = [default,test,prod] (Priority: FileThenEnv) [dmvcframework]
2025-03-11 12:42:23:026 [TID    14864][INFO   ] dotEnv: Missed file H:\BookWorm\book-recommendation-backend\DB_APIs\Server\project\Win32\Debug\.env [dmvcframework]
2025-03-11 12:42:23:031 [TID    14864][INFO   ] dotEnv: Missed file H:\BookWorm\book-recommendation-backend\DB_APIs\Server\project\Win32\Debug\.env.test [dmvcframework]
2025-03-11 12:42:23:034 [TID    14864][INFO   ] dotEnv: Missed file H:\BookWorm\book-recommendation-backend\DB_APIs\Server\project\Win32\Debug\.env.prod [dmvcframework]
2025-03-11 12:42:23:055 [TID    14864][INFO   ] Listening on http://localhost:8080 [dmvcframework]
2025-03-11 12:42:23:055 [TID    14864][INFO   ] Application started. Press Ctrl+C to shut down. [dmvcframework]
2025-03-11 12:42:27:306 [TID    14968][INFO   ] Loading Config default values [dmvcframework]
2025-03-11 12:42:27:306 [TID    14968][INFO   ] Loading System Controllers [dmvcframework]
2025-03-11 12:42:27:789 [TID    14968][ERROR  ] Invalid encoding name [dmvcframework]
2025-03-11 12:42:27:790 [TID    14968][ERROR  ] [EEncodingError] Invalid encoding name [PathInfo "GET /api/user"] - 500 Internal Server Error (Custom message: "Global Action Exception Handler") [dmvcframework]
2025-03-11 12:42:27:792 [TID    14968][ERROR  ] [EEncodingError] Invalid encoding name [dmvcframework]
2025-03-11 13:02:51:151 [TID     7180][INFO   ] ** DMVCFramework Server ** build 3.4.2-magnesium [dmvcframework]
2025-03-11 13:02:51:151 [TID     7180][INFO   ] Initializing default dotEnv instance [dmvcframework]
2025-03-11 13:02:51:151 [TID     7180][INFO   ] dotEnv: Path = H:\BookWorm\book-recommendation-backend\DB_APIs\Server\project\Win32\Debug [dmvcframework]
2025-03-11 13:02:51:151 [TID     7180][INFO   ] dotEnv: Active profile/s priority = [default,test,prod] (Priority: FileThenEnv) [dmvcframework]
2025-03-11 13:02:51:151 [TID     7180][INFO   ] dotEnv: Missed file H:\BookWorm\book-recommendation-backend\DB_APIs\Server\project\Win32\Debug\.env [dmvcframework]
2025-03-11 13:02:51:151 [TID     7180][INFO   ] dotEnv: Missed file H:\BookWorm\book-recommendation-backend\DB_APIs\Server\project\Win32\Debug\.env.test [dmvcframework]
2025-03-11 13:02:51:151 [TID     7180][INFO   ] dotEnv: Missed file H:\BookWorm\book-recommendation-backend\DB_APIs\Server\project\Win32\Debug\.env.prod [dmvcframework]
2025-03-11 13:02:51:164 [TID     7180][INFO   ] Listening on http://localhost:8080 [dmvcframework]
2025-03-11 13:02:51:164 [TID     7180][INFO   ] Application started. Press Ctrl+C to shut down. [dmvcframework]
2025-03-11 13:03:02:135 [TID    13536][INFO   ] ** DMVCFramework Server ** build 3.4.2-magnesium [dmvcframework]
2025-03-11 13:03:02:136 [TID    13536][INFO   ] Initializing default dotEnv instance [dmvcframework]
2025-03-11 13:03:02:136 [TID    13536][INFO   ] dotEnv: Path = H:\BookWorm\book-recommendation-backend\DB_APIs\Server\project\Win32\Debug [dmvcframework]
2025-03-11 13:03:02:136 [TID    13536][INFO   ] dotEnv: Active profile/s priority = [default,test,prod] (Priority: FileThenEnv) [dmvcframework]
2025-03-11 13:03:02:136 [TID    13536][INFO   ] dotEnv: Missed file H:\BookWorm\book-recommendation-backend\DB_APIs\Server\project\Win32\Debug\.env [dmvcframework]
2025-03-11 13:03:02:136 [TID    13536][INFO   ] dotEnv: Missed file H:\BookWorm\book-recommendation-backend\DB_APIs\Server\project\Win32\Debug\.env.test [dmvcframework]
2025-03-11 13:03:02:136 [TID    13536][INFO   ] dotEnv: Missed file H:\BookWorm\book-recommendation-backend\DB_APIs\Server\project\Win32\Debug\.env.prod [dmvcframework]
2025-03-11 13:03:02:151 [TID    13536][INFO   ] Listening on http://localhost:8080 [dmvcframework]
2025-03-11 13:03:02:151 [TID    13536][INFO   ] Application started. Press Ctrl+C to shut down. [dmvcframework]
2025-03-11 13:03:03:378 [TID    14772][INFO   ] Loading Config default values [dmvcframework]
2025-03-11 13:03:03:378 [TID    14772][INFO   ] Loading System Controllers [dmvcframework]
2025-03-11 13:03:03:394 [TID    14772][WARNING] GET:/api/user [127.0.0.1] -> {ROUTE NOT FOUND} - 404 [dmvcframework]
2025-03-11 13:03:28:618 [TID    11420][INFO   ] ** DMVCFramework Server ** build 3.4.2-magnesium [dmvcframework]
2025-03-11 13:03:28:618 [TID    11420][INFO   ] Initializing default dotEnv instance [dmvcframework]
2025-03-11 13:03:28:618 [TID    11420][INFO   ] dotEnv: Path = H:\BookWorm\book-recommendation-backend\DB_APIs\Server\project\Win32\Debug [dmvcframework]
2025-03-11 13:03:28:618 [TID    11420][INFO   ] dotEnv: Active profile/s priority = [default,test,prod] (Priority: FileThenEnv) [dmvcframework]
2025-03-11 13:03:28:618 [TID    11420][INFO   ] dotEnv: Missed file H:\BookWorm\book-recommendation-backend\DB_APIs\Server\project\Win32\Debug\.env [dmvcframework]
2025-03-11 13:03:28:618 [TID    11420][INFO   ] dotEnv: Missed file H:\BookWorm\book-recommendation-backend\DB_APIs\Server\project\Win32\Debug\.env.test [dmvcframework]
2025-03-11 13:03:28:618 [TID    11420][INFO   ] dotEnv: Missed file H:\BookWorm\book-recommendation-backend\DB_APIs\Server\project\Win32\Debug\.env.prod [dmvcframework]
2025-03-11 13:03:28:630 [TID    11420][INFO   ] Listening on http://localhost:8080 [dmvcframework]
2025-03-11 13:03:28:630 [TID    11420][INFO   ] Application started. Press Ctrl+C to shut down. [dmvcframework]
2025-03-11 13:03:30:485 [TID    12936][INFO   ] Loading Config default values [dmvcframework]
2025-03-11 13:03:30:485 [TID    12936][INFO   ] Loading System Controllers [dmvcframework]
2025-03-11 13:03:30:636 [TID    12936][ERROR  ] [EMSSQLNativeException] [FireDAC][Phys][ODBC][Microsoft][ODBC Driver 17 for SQL Server][SQL Server]Login failed for user ''. [PathInfo "GET /api/v1/user"] - 500 Internal Server Error (Custom message: "Global Action Exception Handler") [dmvcframework]
2025-03-11 13:13:34:669 [TID    15124][INFO   ] ** DMVCFramework Server ** build 3.4.2-magnesium [dmvcframework]
2025-03-11 13:13:34:670 [TID    15124][INFO   ] Initializing default dotEnv instance [dmvcframework]
2025-03-11 13:13:34:671 [TID    15124][INFO   ] dotEnv: Path = H:\BookWorm\book-recommendation-backend\DB_APIs\Server\project\Win32\Debug [dmvcframework]
2025-03-11 13:13:34:672 [TID    15124][INFO   ] dotEnv: Active profile/s priority = [default,test,prod] (Priority: FileThenEnv) [dmvcframework]
2025-03-11 13:13:34:674 [TID    15124][INFO   ] dotEnv: Missed file H:\BookWorm\book-recommendation-backend\DB_APIs\Server\project\Win32\Debug\.env [dmvcframework]
2025-03-11 13:13:34:674 [TID    15124][INFO   ] dotEnv: Missed file H:\BookWorm\book-recommendation-backend\DB_APIs\Server\project\Win32\Debug\.env.test [dmvcframework]
2025-03-11 13:13:34:674 [TID    15124][INFO   ] dotEnv: Missed file H:\BookWorm\book-recommendation-backend\DB_APIs\Server\project\Win32\Debug\.env.prod [dmvcframework]
2025-03-11 13:13:34:686 [TID    15124][INFO   ] Listening on http://localhost:8080 [dmvcframework]
2025-03-11 13:13:34:686 [TID    15124][INFO   ] Application started. Press Ctrl+C to shut down. [dmvcframework]
